<?xml version="1.0" encoding="UTF-8"?>
<testsuites name="F1_LoginFeatures" time="44.045" tests="3" failures="0" errors="0">
   <testsuite name="F1_LoginFeatures" tests="3" failures="0" errors="0" time="44.045" skipped="0" timestamp="2023-05-31 18:18:04" hostname="Aiman Hakim - DESKTOP-1FDN2RP" id="Test Suites/F1_LoginFeatures">
      <properties>
         <property name="deviceName" value=""/>
         <property name="devicePlatform" value=""/>
         <property name="logFolder" value="C:\\Users\\Aiman Hakim\\Katalon Studio\\PROJECT WEB_ASSESSMENT PROTEGE\\Reports\\20230531_181752\\F1_LoginFeatures\\20230531_181752"/>
         <property name="logFiles" value="C:\\Users\\Aiman Hakim\\Katalon Studio\\PROJECT WEB_ASSESSMENT PROTEGE\\Reports\\20230531_181752\\F1_LoginFeatures\\20230531_181752\\execution0.log"/>
         <property name="attachments" value=""/>
         <property name="hostName" value="Aiman Hakim - DESKTOP-1FDN2RP"/>
         <property name="os" value="Windows 10 64bit"/>
         <property name="katalonVersion" value="8.6.0.208"/>
         <property name="browser" value="Chrome 113.0.0.0"/>
         <property name="hostAddress" value="172.16.200.48"/>
         <property name="sessionId" value="f7689ecf872cbb75c069cc26fa768bc8"/>
         <property name="seleniumVersion" value="3.141.59"/>
         <property name="proxyInformation" value="ProxyInformation { proxyOption=NO_PROXY, proxyServerType=HTTP, username=, password=********, proxyServerAddress=, proxyServerPort=0, executionList=&quot;&quot;, isApplyToDesiredCapabilities=true }"/>
         <property name="platform" value="Windows 10"/>
      </properties>
      <testcase name="Test Cases/PROJECT WEB/Common/F1_LoginFeatures/LF1_TC1_SUCCESSFULY LOGIN (P)" time="16.342" classname="Test Cases/PROJECT WEB/Common/F1_LoginFeatures/LF1_TC1_SUCCESSFULY LOGIN (P)" status="PASSED">
         <system-out><![CDATA[2023-05-31 18:18:05 - [TEST_CASE][PASSED] - Test Cases/PROJECT WEB/Common/F1_LoginFeatures/LF1_TC1_SUCCESSFULY LOGIN (P): Test Cases/PROJECT WEB/Common/F1_LoginFeatures/LF1_TC1_SUCCESSFULY LOGIN (P)

2023-05-31 18:18:05 - [TEST_STEP][PASSED] - openBrowser(""): Browser is opened with url: ''

2023-05-31 18:18:06 - [MESSAGE][INFO] - Starting 'Chrome' driver

2023-05-31 18:18:06 - [MESSAGE][INFO] - User set preference: ['--window-size=1920,1080', '0']

2023-05-31 18:18:06 - [MESSAGE][INFO] - Action delay is set to 0 milliseconds

2023-05-31 18:18:08 - [MESSAGE][PASSED] - Browser is opened with url: ''

2023-05-31 18:18:08 - [TEST_STEP][PASSED] - maximizeWindow(): Current window maximized

2023-05-31 18:18:09 - [MESSAGE][PASSED] - Current window maximized

2023-05-31 18:18:09 - [TEST_STEP][PASSED] - navigateToUrl("https://opensource-demo.orangehrmlive.com/web/index.php/auth/login"): Navigate to 'https://opensource-demo.orangehrmlive.com/web/index.php/auth/login' successfully

2023-05-31 18:18:15 - [MESSAGE][PASSED] - Navigate to 'https://opensource-demo.orangehrmlive.com/web/index.php/auth/login' successfully

2023-05-31 18:18:15 - [TEST_STEP][PASSED] - setText(findTestObject("PROJECT WEB/Common/Page_OrangeHRM/input_Username"), username): Text 'Admin' is set on object 'Object Repository/PROJECT WEB/Common/Page_OrangeHRM/input_Username'

2023-05-31 18:18:17 - [MESSAGE][PASSED] - Text 'Admin' is set on object 'Object Repository/PROJECT WEB/Common/Page_OrangeHRM/input_Username'

2023-05-31 18:18:17 - [TEST_STEP][PASSED] - setEncryptedText(findTestObject("PROJECT WEB/Common/Page_OrangeHRM/input_Password"), password): Text ****** has been set on object 'Object Repository/PROJECT WEB/Common/Page_OrangeHRM/input_Password'

2023-05-31 18:18:17 - [MESSAGE][PASSED] - Text ****** has been set on object 'Object Repository/PROJECT WEB/Common/Page_OrangeHRM/input_Password'

2023-05-31 18:18:17 - [TEST_STEP][PASSED] - click(findTestObject("PROJECT WEB/Common/Page_OrangeHRM/button_Login")): Object: 'Object Repository/PROJECT WEB/Common/Page_OrangeHRM/button_Login' is clicked on

2023-05-31 18:18:19 - [MESSAGE][PASSED] - Object: 'Object Repository/PROJECT WEB/Common/Page_OrangeHRM/button_Login' is clicked on

2023-05-31 18:18:19 - [TEST_STEP][PASSED] - verifyElementPresent(findTestObject("PROJECT WEB/Common/Page_OrangeHRM/h6_Dashboard"), 0): Object 'Object Repository/PROJECT WEB/Common/Page_OrangeHRM/h6_Dashboard' is present

2023-05-31 18:18:19 - [MESSAGE][WARNING] - Timeout '0' is invalid. Using default page load timeout: '30'

2023-05-31 18:18:21 - [MESSAGE][PASSED] - Object 'Object Repository/PROJECT WEB/Common/Page_OrangeHRM/h6_Dashboard' is present]]></system-out>
         <system-err><![CDATA[]]></system-err>
      </testcase>
      <testcase name="Test Cases/PROJECT WEB/Common/F1_LoginFeatures/LF1_TC2_USER ENTER INVALID USERNAME (N)" time="13.721" classname="Test Cases/PROJECT WEB/Common/F1_LoginFeatures/LF1_TC2_USER ENTER INVALID USERNAME (N)" status="PASSED">
         <system-out><![CDATA[2023-05-31 18:18:21 - [TEST_CASE][PASSED] - Test Cases/PROJECT WEB/Common/F1_LoginFeatures/LF1_TC2_USER ENTER INVALID USERNAME (N): Test Cases/PROJECT WEB/Common/F1_LoginFeatures/LF1_TC2_USER ENTER INVALID USERNAME (N)

2023-05-31 18:18:22 - [TEST_STEP][PASSED] - openBrowser(""): Browser is opened with url: ''

2023-05-31 18:18:22 - [MESSAGE][WARNING] - A browser is already opened. Closing browser and opening a new one

2023-05-31 18:18:22 - [MESSAGE][INFO] - Starting 'Chrome' driver

2023-05-31 18:18:22 - [MESSAGE][INFO] - User set preference: ['--window-size=1920,1080', '0']

2023-05-31 18:18:22 - [MESSAGE][INFO] - Action delay is set to 0 milliseconds

2023-05-31 18:18:24 - [MESSAGE][PASSED] - Browser is opened with url: ''

2023-05-31 18:18:24 - [TEST_STEP][PASSED] - maximizeWindow(): Current window maximized

2023-05-31 18:18:24 - [MESSAGE][PASSED] - Current window maximized

2023-05-31 18:18:24 - [TEST_STEP][PASSED] - navigateToUrl("https://opensource-demo.orangehrmlive.com/web/index.php/auth/login"): Navigate to 'https://opensource-demo.orangehrmlive.com/web/index.php/auth/login' successfully

2023-05-31 18:18:30 - [MESSAGE][PASSED] - Navigate to 'https://opensource-demo.orangehrmlive.com/web/index.php/auth/login' successfully

2023-05-31 18:18:30 - [TEST_STEP][PASSED] - setText(findTestObject("PROJECT WEB/Common/Page_OrangeHRM/input_Username"), INVALIDUSERNAME): Text 'Admin123' is set on object 'Object Repository/PROJECT WEB/Common/Page_OrangeHRM/input_Username'

2023-05-31 18:18:31 - [MESSAGE][PASSED] - Text 'Admin123' is set on object 'Object Repository/PROJECT WEB/Common/Page_OrangeHRM/input_Username'

2023-05-31 18:18:31 - [TEST_STEP][PASSED] - setEncryptedText(findTestObject("Object Repository/PROJECT WEB/Common/Page_OrangeHRM/input_Password"), "hUKwJTbofgPU9eVlw/CnDQ=="): Text ****** has been set on object 'Object Repository/PROJECT WEB/Common/Page_OrangeHRM/input_Password'

2023-05-31 18:18:32 - [MESSAGE][PASSED] - Text ****** has been set on object 'Object Repository/PROJECT WEB/Common/Page_OrangeHRM/input_Password'

2023-05-31 18:18:32 - [TEST_STEP][PASSED] - click(findTestObject("Object Repository/PROJECT WEB/Common/Page_OrangeHRM/button_Login")): Object: 'Object Repository/PROJECT WEB/Common/Page_OrangeHRM/button_Login' is clicked on

2023-05-31 18:18:33 - [MESSAGE][PASSED] - Object: 'Object Repository/PROJECT WEB/Common/Page_OrangeHRM/button_Login' is clicked on

2023-05-31 18:18:33 - [TEST_STEP][PASSED] - verifyElementPresent(findTestObject("Object Repository/PROJECT WEB/Common/Page_OrangeHRM/p_Invalid credentials"), 0): Object 'Object Repository/PROJECT WEB/Common/Page_OrangeHRM/p_Invalid credentials' is present

2023-05-31 18:18:33 - [MESSAGE][WARNING] - Timeout '0' is invalid. Using default page load timeout: '30'

2023-05-31 18:18:34 - [MESSAGE][PASSED] - Object 'Object Repository/PROJECT WEB/Common/Page_OrangeHRM/p_Invalid credentials' is present

2023-05-31 18:18:34 - [TEST_STEP][PASSED] - closeBrowser(): Browser is closed

2023-05-31 18:18:35 - [MESSAGE][PASSED] - Browser is closed]]></system-out>
         <system-err><![CDATA[]]></system-err>
      </testcase>
      <testcase name="Test Cases/PROJECT WEB/Common/F1_LoginFeatures/LF1_TC3_USER ENTER INVALID PASSWORD (N)" time="13.562" classname="Test Cases/PROJECT WEB/Common/F1_LoginFeatures/LF1_TC3_USER ENTER INVALID PASSWORD (N)" status="PASSED">
         <system-out><![CDATA[2023-05-31 18:18:35 - [TEST_CASE][PASSED] - Test Cases/PROJECT WEB/Common/F1_LoginFeatures/LF1_TC3_USER ENTER INVALID PASSWORD (N): Test Cases/PROJECT WEB/Common/F1_LoginFeatures/LF1_TC3_USER ENTER INVALID PASSWORD (N)

2023-05-31 18:18:35 - [TEST_STEP][PASSED] - openBrowser(""): Browser is opened with url: ''

2023-05-31 18:18:35 - [MESSAGE][INFO] - Starting 'Chrome' driver

2023-05-31 18:18:35 - [MESSAGE][INFO] - User set preference: ['--window-size=1920,1080', '0']

2023-05-31 18:18:35 - [MESSAGE][INFO] - Action delay is set to 0 milliseconds

2023-05-31 18:18:37 - [MESSAGE][PASSED] - Browser is opened with url: ''

2023-05-31 18:18:37 - [TEST_STEP][PASSED] - maximizeWindow(): Current window maximized

2023-05-31 18:18:37 - [MESSAGE][PASSED] - Current window maximized

2023-05-31 18:18:37 - [TEST_STEP][PASSED] - navigateToUrl("https://opensource-demo.orangehrmlive.com/web/index.php/auth/login"): Navigate to 'https://opensource-demo.orangehrmlive.com/web/index.php/auth/login' successfully

2023-05-31 18:18:43 - [MESSAGE][PASSED] - Navigate to 'https://opensource-demo.orangehrmlive.com/web/index.php/auth/login' successfully

2023-05-31 18:18:43 - [TEST_STEP][PASSED] - setText(findTestObject("Object Repository/PROJECT WEB/Common/Page_OrangeHRM/input_Username"), USERNAME): Text 'Admin' is set on object 'Object Repository/PROJECT WEB/Common/Page_OrangeHRM/input_Username'

2023-05-31 18:18:45 - [MESSAGE][PASSED] - Text 'Admin' is set on object 'Object Repository/PROJECT WEB/Common/Page_OrangeHRM/input_Username'

2023-05-31 18:18:45 - [TEST_STEP][PASSED] - setEncryptedText(findTestObject("Object Repository/PROJECT WEB/Common/Page_OrangeHRM/input_Password"), INVALIDPASSWORD): Text ****** has been set on object 'Object Repository/PROJECT WEB/Common/Page_OrangeHRM/input_Password'

2023-05-31 18:18:45 - [MESSAGE][PASSED] - Text ****** has been set on object 'Object Repository/PROJECT WEB/Common/Page_OrangeHRM/input_Password'

2023-05-31 18:18:45 - [TEST_STEP][PASSED] - click(findTestObject("Object Repository/PROJECT WEB/Common/Page_OrangeHRM/button_Login")): Object: 'Object Repository/PROJECT WEB/Common/Page_OrangeHRM/button_Login' is clicked on

2023-05-31 18:18:45 - [MESSAGE][PASSED] - Object: 'Object Repository/PROJECT WEB/Common/Page_OrangeHRM/button_Login' is clicked on

2023-05-31 18:18:45 - [TEST_STEP][PASSED] - verifyElementPresent(findTestObject("Object Repository/PROJECT WEB/Common/Page_OrangeHRM/p_Invalid credentials"), 0): Object 'Object Repository/PROJECT WEB/Common/Page_OrangeHRM/p_Invalid credentials' is present

2023-05-31 18:18:45 - [MESSAGE][WARNING] - Timeout '0' is invalid. Using default page load timeout: '30'

2023-05-31 18:18:48 - [MESSAGE][PASSED] - Object 'Object Repository/PROJECT WEB/Common/Page_OrangeHRM/p_Invalid credentials' is present

2023-05-31 18:18:48 - [TEST_STEP][PASSED] - closeBrowser(): Browser is closed

2023-05-31 18:18:49 - [MESSAGE][PASSED] - Browser is closed]]></system-out>
         <system-err><![CDATA[]]></system-err>
      </testcase>
      <system-out><![CDATA[2023-05-31 18:18:04 - [TEST_SUITE][PASSED] - F1_LoginFeatures: Test Cases/PROJECT WEB/Common/F1_LoginFeatures/LF1_TC3_USER ENTER INVALID PASSWORD (N)]]></system-out>
      <system-err><![CDATA[]]></system-err>
   </testsuite>
</testsuites>
