<?xml version="1.0" encoding="UTF-8"?>
<testsuites name="F4_EmployStatus" time="107.988" tests="2" failures="0" errors="0">
   <testsuite name="F4_EmployStatus" tests="2" failures="0" errors="0" time="107.988" skipped="0" timestamp="2023-05-31 00:34:55" hostname="Aiman Hakim - DESKTOP-1FDN2RP" id="Test Suites/F4_EmployStatus">
      <properties>
         <property name="deviceName" value=""/>
         <property name="devicePlatform" value=""/>
         <property name="logFolder" value="C:\\Users\\Aiman Hakim\\Katalon Studio\\PROJECT WEB_ASSESSMENT PROTEGE\\Reports\\20230531_003443\\F4_EmployStatus\\20230531_003443"/>
         <property name="logFiles" value="C:\\Users\\Aiman Hakim\\Katalon Studio\\PROJECT WEB_ASSESSMENT PROTEGE\\Reports\\20230531_003443\\F4_EmployStatus\\20230531_003443\\execution0.log"/>
         <property name="attachments" value=""/>
         <property name="hostName" value="Aiman Hakim - DESKTOP-1FDN2RP"/>
         <property name="os" value="Windows 10 64bit"/>
         <property name="katalonVersion" value="8.6.0.208"/>
         <property name="browser" value="Chrome 113.0.0.0"/>
         <property name="hostAddress" value="192.168.8.100"/>
         <property name="sessionId" value="2fd47b13cd1e483f64e3eb76c45ccd60"/>
         <property name="seleniumVersion" value="3.141.59"/>
         <property name="proxyInformation" value="ProxyInformation { proxyOption=NO_PROXY, proxyServerType=HTTP, username=, password=********, proxyServerAddress=, proxyServerPort=0, executionList=&quot;&quot;, isApplyToDesiredCapabilities=true }"/>
         <property name="platform" value="Windows 10"/>
      </properties>
      <testcase name="Test Cases/PROJECT WEB/F4_Employment Status/Add Employment Status/ES01_TC01_Add Employ Status-CustomKeywords (P)" time="41.793" classname="Test Cases/PROJECT WEB/F4_Employment Status/Add Employment Status/ES01_TC01_Add Employ Status-CustomKeywords (P)" status="PASSED">
         <system-out><![CDATA[2023-05-31 00:34:56 - [TEST_CASE][PASSED] - Test Cases/PROJECT WEB/F4_Employment Status/Add Employment Status/ES01_TC01_Add Employ Status-CustomKeywords (P): Test Cases/PROJECT WEB/F4_Employment Status/Add Employment Status/ES01_TC01_Add Employ Status-CustomKeywords (P)

2023-05-31 00:34:57 - [TEST_STEP][PASSED] - callTestCase(findTestCase("PROJECT WEB/Common/F1_LoginFeatures/LF1_TC1_SUCCESSFULY LOGIN (P)"), ["username":"Admin", "password":"hUKwJTbofgPU9eVlw/CnDQ=="], STOP_ON_FAILURE): Call Test Case 'Test Cases/PROJECT WEB/Common/F1_LoginFeatures/LF1_TC1_SUCCESSFULY LOGIN (P)' successfully

2023-05-31 00:34:57 - [TEST_CASE][PASSED] - Test Cases/PROJECT WEB/Common/F1_LoginFeatures/LF1_TC1_SUCCESSFULY LOGIN (P): Test Cases/PROJECT WEB/Common/F1_LoginFeatures/LF1_TC1_SUCCESSFULY LOGIN (P)

2023-05-31 00:34:59 - [TEST_STEP][PASSED] - openBrowser(""): Browser is opened with url: ''

2023-05-31 00:34:59 - [MESSAGE][INFO] - Starting 'Chrome' driver

2023-05-31 00:34:59 - [MESSAGE][INFO] - User set preference: ['--window-size=1920,1080', '0']

2023-05-31 00:35:00 - [MESSAGE][INFO] - Action delay is set to 0 milliseconds

2023-05-31 00:35:02 - [MESSAGE][PASSED] - Browser is opened with url: ''

2023-05-31 00:35:02 - [TEST_STEP][PASSED] - maximizeWindow(): Current window maximized

2023-05-31 00:35:03 - [MESSAGE][PASSED] - Current window maximized

2023-05-31 00:35:03 - [TEST_STEP][PASSED] - navigateToUrl("https://opensource-demo.orangehrmlive.com/web/index.php/auth/login"): Navigate to 'https://opensource-demo.orangehrmlive.com/web/index.php/auth/login' successfully

2023-05-31 00:35:18 - [MESSAGE][PASSED] - Navigate to 'https://opensource-demo.orangehrmlive.com/web/index.php/auth/login' successfully

2023-05-31 00:35:18 - [TEST_STEP][PASSED] - setText(findTestObject("PROJECT WEB/Common/Page_OrangeHRM/input_Username"), username): Text 'Admin' is set on object 'Object Repository/PROJECT WEB/Common/Page_OrangeHRM/input_Username'

2023-05-31 00:35:20 - [MESSAGE][PASSED] - Text 'Admin' is set on object 'Object Repository/PROJECT WEB/Common/Page_OrangeHRM/input_Username'

2023-05-31 00:35:20 - [TEST_STEP][PASSED] - setEncryptedText(findTestObject("PROJECT WEB/Common/Page_OrangeHRM/input_Password"), password): Text ****** has been set on object 'Object Repository/PROJECT WEB/Common/Page_OrangeHRM/input_Password'

2023-05-31 00:35:21 - [MESSAGE][PASSED] - Text ****** has been set on object 'Object Repository/PROJECT WEB/Common/Page_OrangeHRM/input_Password'

2023-05-31 00:35:21 - [TEST_STEP][PASSED] - click(findTestObject("PROJECT WEB/Common/Page_OrangeHRM/button_Login")): Object: 'Object Repository/PROJECT WEB/Common/Page_OrangeHRM/button_Login' is clicked on

2023-05-31 00:35:21 - [MESSAGE][PASSED] - Object: 'Object Repository/PROJECT WEB/Common/Page_OrangeHRM/button_Login' is clicked on

2023-05-31 00:35:21 - [TEST_STEP][PASSED] - verifyElementPresent(findTestObject("PROJECT WEB/Common/Page_OrangeHRM/h6_Dashboard"), 0): Object 'Object Repository/PROJECT WEB/Common/Page_OrangeHRM/h6_Dashboard' is present

2023-05-31 00:35:21 - [MESSAGE][WARNING] - Timeout '0' is invalid. Using default page load timeout: '30'

2023-05-31 00:35:25 - [MESSAGE][PASSED] - Object 'Object Repository/PROJECT WEB/Common/Page_OrangeHRM/h6_Dashboard' is present

2023-05-31 00:35:25 - [MESSAGE][PASSED] - Call Test Case 'Test Cases/PROJECT WEB/Common/F1_LoginFeatures/LF1_TC1_SUCCESSFULY LOGIN (P)' successfully

2023-05-31 00:35:25 - [TEST_STEP][PASSED] - click(findTestObject("Object Repository/PROJECT WEB/Employment Status/span_Admin")): Object: 'Object Repository/PROJECT WEB/Employment Status/span_Admin' is clicked on

2023-05-31 00:35:27 - [MESSAGE][PASSED] - Object: 'Object Repository/PROJECT WEB/Employment Status/span_Admin' is clicked on

2023-05-31 00:35:27 - [TEST_STEP][PASSED] - navigateToUrl("https://opensource-demo.orangehrmlive.com/web/index.php/admin/viewSystemUsers"): Navigate to 'https://opensource-demo.orangehrmlive.com/web/index.php/admin/viewSystemUsers' successfully

2023-05-31 00:35:28 - [MESSAGE][PASSED] - Navigate to 'https://opensource-demo.orangehrmlive.com/web/index.php/admin/viewSystemUsers' successfully

2023-05-31 00:35:28 - [TEST_STEP][PASSED] - click(findTestObject("Object Repository/PROJECT WEB/Employment Status/span_Job")): Object: 'Object Repository/PROJECT WEB/Employment Status/span_Job' is clicked on

2023-05-31 00:35:30 - [MESSAGE][PASSED] - Object: 'Object Repository/PROJECT WEB/Employment Status/span_Job' is clicked on

2023-05-31 00:35:30 - [TEST_STEP][PASSED] - click(findTestObject("Object Repository/PROJECT WEB/Employment Status/a_Employment Status")): Object: 'Object Repository/PROJECT WEB/Employment Status/a_Employment Status' is clicked on

2023-05-31 00:35:32 - [MESSAGE][PASSED] - Object: 'Object Repository/PROJECT WEB/Employment Status/a_Employment Status' is clicked on

2023-05-31 00:35:32 - [TEST_STEP][PASSED] - click(findTestObject("Object Repository/PROJECT WEB/Employment Status/button_Add_EmploymentStatus")): Object: 'Object Repository/PROJECT WEB/Employment Status/button_Add_EmploymentStatus' is clicked on

2023-05-31 00:35:35 - [MESSAGE][PASSED] - Object: 'Object Repository/PROJECT WEB/Employment Status/button_Add_EmploymentStatus' is clicked on

2023-05-31 00:35:35 - [TEST_STEP][PASSED] - result = addEmployStatus.employStatus.addEmploymentStatus(employStatus): addEmployStatus.employStatus.addEmploymentStatus is PASSED

2023-05-31 00:35:35 - [MESSAGE][PASSED] - addEmployStatus.employStatus.addEmploymentStatus is PASSED

2023-05-31 00:35:35 - [TEST_STEP][PASSED] - setText(findTestObject("Object Repository/PROJECT WEB/Employment Status/input_Name_EmploymentStatus"), result): Text 'Part-Timer COntract' is set on object 'Object Repository/PROJECT WEB/Employment Status/input_Name_EmploymentStatus'

2023-05-31 00:35:36 - [MESSAGE][PASSED] - Text 'Part-Timer COntract' is set on object 'Object Repository/PROJECT WEB/Employment Status/input_Name_EmploymentStatus'

2023-05-31 00:35:36 - [TEST_STEP][PASSED] - click(findTestObject("Object Repository/PROJECT WEB/Employment Status/button_Save")): Object: 'Object Repository/PROJECT WEB/Employment Status/button_Save' is clicked on

2023-05-31 00:35:37 - [MESSAGE][PASSED] - Object: 'Object Repository/PROJECT WEB/Employment Status/button_Save' is clicked on

2023-05-31 00:35:37 - [TEST_STEP][PASSED] - click(findTestObject("Object Repository/PROJECT WEB/Employment Status/p_Successfully Saved")): Object: 'Object Repository/PROJECT WEB/Employment Status/p_Successfully Saved' is clicked on

2023-05-31 00:35:38 - [MESSAGE][PASSED] - Object: 'Object Repository/PROJECT WEB/Employment Status/p_Successfully Saved' is clicked on]]></system-out>
         <system-err><![CDATA[]]></system-err>
      </testcase>
      <testcase name="Test Cases/PROJECT WEB/F4_Employment Status/Add Employment Status/ES01_TC01_Add Existing Employ Status (N)" time="65.729" classname="Test Cases/PROJECT WEB/F4_Employment Status/Add Employment Status/ES01_TC01_Add Existing Employ Status (N)" status="PASSED">
         <system-out><![CDATA[2023-05-31 00:35:38 - [TEST_CASE][PASSED] - Test Cases/PROJECT WEB/F4_Employment Status/Add Employment Status/ES01_TC01_Add Existing Employ Status (N): Test Cases/PROJECT WEB/F4_Employment Status/Add Employment Status/ES01_TC01_Add Existing Employ Status (N)

2023-05-31 00:35:38 - [TEST_STEP][PASSED] - callTestCase(findTestCase("PROJECT WEB/Common/F1_LoginFeatures/LF1_TC1_SUCCESSFULY LOGIN (P)"), ["username":"Admin", "password":"hUKwJTbofgPU9eVlw/CnDQ=="], STOP_ON_FAILURE): Call Test Case 'Test Cases/PROJECT WEB/Common/F1_LoginFeatures/LF1_TC1_SUCCESSFULY LOGIN (P)' successfully

2023-05-31 00:35:38 - [TEST_CASE][PASSED] - Test Cases/PROJECT WEB/Common/F1_LoginFeatures/LF1_TC1_SUCCESSFULY LOGIN (P): Test Cases/PROJECT WEB/Common/F1_LoginFeatures/LF1_TC1_SUCCESSFULY LOGIN (P)

2023-05-31 00:35:38 - [TEST_STEP][PASSED] - openBrowser(""): Browser is opened with url: ''

2023-05-31 00:35:38 - [MESSAGE][WARNING] - A browser is already opened. Closing browser and opening a new one

2023-05-31 00:35:39 - [MESSAGE][INFO] - Starting 'Chrome' driver

2023-05-31 00:35:39 - [MESSAGE][INFO] - User set preference: ['--window-size=1920,1080', '0']

2023-05-31 00:35:39 - [MESSAGE][INFO] - Action delay is set to 0 milliseconds

2023-05-31 00:35:40 - [MESSAGE][PASSED] - Browser is opened with url: ''

2023-05-31 00:35:40 - [TEST_STEP][PASSED] - maximizeWindow(): Current window maximized

2023-05-31 00:35:40 - [MESSAGE][PASSED] - Current window maximized

2023-05-31 00:35:40 - [TEST_STEP][PASSED] - navigateToUrl("https://opensource-demo.orangehrmlive.com/web/index.php/auth/login"): Navigate to 'https://opensource-demo.orangehrmlive.com/web/index.php/auth/login' successfully

2023-05-31 00:36:28 - [MESSAGE][PASSED] - Navigate to 'https://opensource-demo.orangehrmlive.com/web/index.php/auth/login' successfully

2023-05-31 00:36:28 - [TEST_STEP][PASSED] - setText(findTestObject("PROJECT WEB/Common/Page_OrangeHRM/input_Username"), username): Text 'Admin' is set on object 'Object Repository/PROJECT WEB/Common/Page_OrangeHRM/input_Username'

2023-05-31 00:36:30 - [MESSAGE][PASSED] - Text 'Admin' is set on object 'Object Repository/PROJECT WEB/Common/Page_OrangeHRM/input_Username'

2023-05-31 00:36:30 - [TEST_STEP][PASSED] - setEncryptedText(findTestObject("PROJECT WEB/Common/Page_OrangeHRM/input_Password"), password): Text ****** has been set on object 'Object Repository/PROJECT WEB/Common/Page_OrangeHRM/input_Password'

2023-05-31 00:36:30 - [MESSAGE][PASSED] - Text ****** has been set on object 'Object Repository/PROJECT WEB/Common/Page_OrangeHRM/input_Password'

2023-05-31 00:36:30 - [TEST_STEP][PASSED] - click(findTestObject("PROJECT WEB/Common/Page_OrangeHRM/button_Login")): Object: 'Object Repository/PROJECT WEB/Common/Page_OrangeHRM/button_Login' is clicked on

2023-05-31 00:36:32 - [MESSAGE][PASSED] - Object: 'Object Repository/PROJECT WEB/Common/Page_OrangeHRM/button_Login' is clicked on

2023-05-31 00:36:32 - [TEST_STEP][PASSED] - verifyElementPresent(findTestObject("PROJECT WEB/Common/Page_OrangeHRM/h6_Dashboard"), 0): Object 'Object Repository/PROJECT WEB/Common/Page_OrangeHRM/h6_Dashboard' is present

2023-05-31 00:36:32 - [MESSAGE][WARNING] - Timeout '0' is invalid. Using default page load timeout: '30'

2023-05-31 00:36:35 - [MESSAGE][PASSED] - Object 'Object Repository/PROJECT WEB/Common/Page_OrangeHRM/h6_Dashboard' is present

2023-05-31 00:36:35 - [MESSAGE][PASSED] - Call Test Case 'Test Cases/PROJECT WEB/Common/F1_LoginFeatures/LF1_TC1_SUCCESSFULY LOGIN (P)' successfully

2023-05-31 00:36:35 - [TEST_STEP][PASSED] - click(findTestObject("Object Repository/PROJECT WEB/Employment Status/span_Admin")): Object: 'Object Repository/PROJECT WEB/Employment Status/span_Admin' is clicked on

2023-05-31 00:36:37 - [MESSAGE][PASSED] - Object: 'Object Repository/PROJECT WEB/Employment Status/span_Admin' is clicked on

2023-05-31 00:36:37 - [TEST_STEP][PASSED] - navigateToUrl("https://opensource-demo.orangehrmlive.com/web/index.php/admin/viewSystemUsers"): Navigate to 'https://opensource-demo.orangehrmlive.com/web/index.php/admin/viewSystemUsers' successfully

2023-05-31 00:36:37 - [MESSAGE][PASSED] - Navigate to 'https://opensource-demo.orangehrmlive.com/web/index.php/admin/viewSystemUsers' successfully

2023-05-31 00:36:37 - [TEST_STEP][PASSED] - click(findTestObject("Object Repository/PROJECT WEB/Employment Status/span_Job")): Object: 'Object Repository/PROJECT WEB/Employment Status/span_Job' is clicked on

2023-05-31 00:36:38 - [MESSAGE][PASSED] - Object: 'Object Repository/PROJECT WEB/Employment Status/span_Job' is clicked on

2023-05-31 00:36:38 - [TEST_STEP][PASSED] - click(findTestObject("Object Repository/PROJECT WEB/Employment Status/a_Employment Status")): Object: 'Object Repository/PROJECT WEB/Employment Status/a_Employment Status' is clicked on

2023-05-31 00:36:39 - [MESSAGE][PASSED] - Object: 'Object Repository/PROJECT WEB/Employment Status/a_Employment Status' is clicked on

2023-05-31 00:36:39 - [TEST_STEP][PASSED] - click(findTestObject("Object Repository/PROJECT WEB/Employment Status/button_Add_EmploymentStatus")): Object: 'Object Repository/PROJECT WEB/Employment Status/button_Add_EmploymentStatus' is clicked on

2023-05-31 00:36:40 - [MESSAGE][PASSED] - Object: 'Object Repository/PROJECT WEB/Employment Status/button_Add_EmploymentStatus' is clicked on

2023-05-31 00:36:40 - [TEST_STEP][PASSED] - setText(findTestObject("Object Repository/PROJECT WEB/Employment Status/input_Name_EmploymentStatus"), existingJob): Text 'Part-Timer COntract' is set on object 'Object Repository/PROJECT WEB/Employment Status/input_Name_EmploymentStatus'

2023-05-31 00:36:43 - [MESSAGE][PASSED] - Text 'Part-Timer COntract' is set on object 'Object Repository/PROJECT WEB/Employment Status/input_Name_EmploymentStatus'

2023-05-31 00:36:43 - [TEST_STEP][PASSED] - verifyElementPresent(findTestObject("Object Repository/PROJECT WEB/Employment Status/span_Already exists"), 0): Object 'Object Repository/PROJECT WEB/Employment Status/span_Already exists' is present

2023-05-31 00:36:43 - [MESSAGE][WARNING] - Timeout '0' is invalid. Using default page load timeout: '30'

2023-05-31 00:36:43 - [MESSAGE][PASSED] - Object 'Object Repository/PROJECT WEB/Employment Status/span_Already exists' is present]]></system-out>
         <system-err><![CDATA[]]></system-err>
      </testcase>
      <system-out><![CDATA[2023-05-31 00:34:55 - [TEST_SUITE][PASSED] - F4_EmployStatus: Test Cases/PROJECT WEB/F4_Employment Status/Add Employment Status/ES01_TC01_Add Existing Employ Status (N)]]></system-out>
      <system-err><![CDATA[]]></system-err>
   </testsuite>
</testsuites>
