<?xml version="1.0" encoding="UTF-8"?>
<testsuites name="F7_Language_BDD" time="124.035" tests="1" failures="0" errors="0">
   <testsuite name="F7_Language_BDD" tests="1" failures="0" errors="0" time="124.035" skipped="0" timestamp="2023-05-31 18:55:31" hostname="Aiman Hakim - DESKTOP-1FDN2RP" id="Test Suites/F7_Language_BDD">
      <properties>
         <property name="deviceName" value=""/>
         <property name="devicePlatform" value=""/>
         <property name="logFolder" value="C:\\Users\\Aiman Hakim\\Katalon Studio\\PROJECT WEB_ASSESSMENT PROTEGE\\Reports\\20230531_185508\\F7_Language_BDD\\20230531_185508"/>
         <property name="logFiles" value="C:\\Users\\Aiman Hakim\\Katalon Studio\\PROJECT WEB_ASSESSMENT PROTEGE\\Reports\\20230531_185508\\F7_Language_BDD\\20230531_185508\\execution0.log"/>
         <property name="attachments" value=""/>
         <property name="hostName" value="Aiman Hakim - DESKTOP-1FDN2RP"/>
         <property name="os" value="Windows 10 64bit"/>
         <property name="katalonVersion" value="8.6.0.208"/>
         <property name="browser" value="Chrome 113.0.0.0"/>
         <property name="hostAddress" value="172.16.200.48"/>
         <property name="sessionId" value="02fdfcb68c4bf8e3593d1f6a75b89012"/>
         <property name="seleniumVersion" value="3.141.59"/>
         <property name="proxyInformation" value="ProxyInformation { proxyOption=NO_PROXY, proxyServerType=HTTP, username=, password=********, proxyServerAddress=, proxyServerPort=0, executionList=&quot;&quot;, isApplyToDesiredCapabilities=true }"/>
         <property name="platform" value="Windows 10"/>
      </properties>
      <testcase name="Test Cases/PROJECT WEB/F7_Languages-BDD/AddNewLanguage" time="123.655" classname="Test Cases/PROJECT WEB/F7_Languages-BDD/AddNewLanguage" status="PASSED">
         <system-out><![CDATA[2023-05-31 18:55:32 - [TEST_CASE][PASSED] - Test Cases/PROJECT WEB/F7_Languages-BDD/AddNewLanguage: Test Cases/PROJECT WEB/F7_Languages-BDD/AddNewLanguage

2023-05-31 18:55:32 - [TEST_STEP][PASSED] - runFeatureFile("Include/features/Add New Language_BDD.feature"): Feature file: 'Include/features/Add New Language_BDD.feature' was passed

2023-05-31 18:55:32 - [MESSAGE][INFO] - Starting run keyword runFeatureFile: 'Include/features/Add New Language_BDD.feature' and extract report to folder: 'C:\Users\Aiman Hakim\Katalon Studio\PROJECT WEB_ASSESSMENT PROTEGE\Reports\20230531_185508\F7_Language_BDD\20230531_185508/cucumber_report/1685530532786'...

2023-05-31 18:55:34 - [TEST_CASE][PASSED] - Start Test Case : SCENARIO Successfully add new language: SCENARIO Successfully add new language

2023-05-31 18:55:34 - [TEST_STEP][PASSED] - User is navigated to Language Page: User is navigated to Language Page

2023-05-31 18:55:34 - [TEST_CASE][PASSED] - Test Cases/PROJECT WEB/Common/F1_LoginFeatures/LF1_TC1_SUCCESSFULY LOGIN (P): Test Cases/PROJECT WEB/Common/F1_LoginFeatures/LF1_TC1_SUCCESSFULY LOGIN (P)

2023-05-31 18:55:34 - [TEST_STEP][PASSED] - openBrowser(""): Browser is opened with url: ''

2023-05-31 18:55:35 - [MESSAGE][INFO] - Starting 'Chrome' driver

2023-05-31 18:55:35 - [MESSAGE][INFO] - User set preference: ['--window-size=1920,1080', '0']

2023-05-31 18:55:35 - [MESSAGE][INFO] - Action delay is set to 0 milliseconds

2023-05-31 18:55:37 - [MESSAGE][PASSED] - Browser is opened with url: ''

2023-05-31 18:55:37 - [TEST_STEP][PASSED] - maximizeWindow(): Current window maximized

2023-05-31 18:55:37 - [MESSAGE][PASSED] - Current window maximized

2023-05-31 18:55:37 - [TEST_STEP][PASSED] - navigateToUrl("https://opensource-demo.orangehrmlive.com/web/index.php/auth/login"): Navigate to 'https://opensource-demo.orangehrmlive.com/web/index.php/auth/login' successfully

2023-05-31 18:55:43 - [MESSAGE][PASSED] - Navigate to 'https://opensource-demo.orangehrmlive.com/web/index.php/auth/login' successfully

2023-05-31 18:55:43 - [TEST_STEP][PASSED] - setText(findTestObject("PROJECT WEB/Common/Page_OrangeHRM/input_Username"), username): Text 'Admin' is set on object 'Object Repository/PROJECT WEB/Common/Page_OrangeHRM/input_Username'

2023-05-31 18:55:47 - [MESSAGE][PASSED] - Text 'Admin' is set on object 'Object Repository/PROJECT WEB/Common/Page_OrangeHRM/input_Username'

2023-05-31 18:55:47 - [TEST_STEP][PASSED] - setEncryptedText(findTestObject("PROJECT WEB/Common/Page_OrangeHRM/input_Password"), password): Text ****** has been set on object 'Object Repository/PROJECT WEB/Common/Page_OrangeHRM/input_Password'

2023-05-31 18:55:49 - [MESSAGE][PASSED] - Text ****** has been set on object 'Object Repository/PROJECT WEB/Common/Page_OrangeHRM/input_Password'

2023-05-31 18:55:49 - [TEST_STEP][PASSED] - click(findTestObject("PROJECT WEB/Common/Page_OrangeHRM/button_Login")): Object: 'Object Repository/PROJECT WEB/Common/Page_OrangeHRM/button_Login' is clicked on

2023-05-31 18:55:52 - [MESSAGE][PASSED] - Object: 'Object Repository/PROJECT WEB/Common/Page_OrangeHRM/button_Login' is clicked on

2023-05-31 18:55:52 - [TEST_STEP][PASSED] - verifyElementPresent(findTestObject("PROJECT WEB/Common/Page_OrangeHRM/h6_Dashboard"), 0): Object 'Object Repository/PROJECT WEB/Common/Page_OrangeHRM/h6_Dashboard' is present

2023-05-31 18:55:52 - [MESSAGE][WARNING] - Timeout '0' is invalid. Using default page load timeout: '30'

2023-05-31 18:55:55 - [MESSAGE][PASSED] - Object 'Object Repository/PROJECT WEB/Common/Page_OrangeHRM/h6_Dashboard' is present

2023-05-31 18:55:55 - [MESSAGE][PASSED] - Call Test Case 'Test Cases/PROJECT WEB/Common/F1_LoginFeatures/LF1_TC1_SUCCESSFULY LOGIN (P)' successfully

2023-05-31 18:55:58 - [MESSAGE][PASSED] - Object: 'Object Repository/PROJECT WEB/AddNewLanguage/span_Admin' is clicked on

2023-05-31 18:55:58 - [MESSAGE][PASSED] - Navigate to 'https://opensource-demo.orangehrmlive.com/web/index.php/admin/viewSystemUsers' successfully

2023-05-31 18:56:01 - [MESSAGE][PASSED] - Object: 'Object Repository/PROJECT WEB/AddNewLanguage/span_Qualifications' is clicked on

2023-05-31 18:56:03 - [MESSAGE][PASSED] - Object: 'Object Repository/PROJECT WEB/AddNewLanguage/a_Languages' is clicked on

2023-05-31 18:56:03 - [MESSAGE][PASSED] - User is navigated to Language Page

2023-05-31 18:56:03 - [TEST_STEP][PASSED] - User clicks on the Add Language button: User clicks on the Add Language button

2023-05-31 18:56:06 - [MESSAGE][PASSED] - Object: 'Object Repository/PROJECT WEB/AddNewLanguage/button_AddLanguage' is clicked on

2023-05-31 18:56:06 - [MESSAGE][PASSED] - User clicks on the Add Language button

2023-05-31 18:56:06 - [TEST_STEP][PASSED] - User enters preferred language Malay: User enters preferred language Malay

2023-05-31 18:56:11 - [MESSAGE][PASSED] - Text 'Malay' is set on object 'Object Repository/PROJECT WEB/AddNewLanguage/input_NameLanguage'

2023-05-31 18:56:11 - [MESSAGE][PASSED] - User enters preferred language Malay

2023-05-31 18:56:11 - [TEST_STEP][PASSED] - User clicks on Save button at Language page: User clicks on Save button at Language page

2023-05-31 18:56:13 - [MESSAGE][PASSED] - Object: 'Object Repository/PROJECT WEB/AddNewLanguage/button_Save' is clicked on

2023-05-31 18:56:13 - [MESSAGE][PASSED] - User clicks on Save button at Language page

2023-05-31 18:56:13 - [TEST_STEP][PASSED] - User able to add and save Language successfully: User able to add and save Language successfully

2023-05-31 18:56:15 - [MESSAGE][PASSED] - Object: 'Object Repository/PROJECT WEB/AddNewLanguage/p_Successfully Saved' is clicked on

2023-05-31 18:56:15 - [MESSAGE][PASSED] - Browser is closed

2023-05-31 18:56:15 - [MESSAGE][PASSED] - User able to add and save Language successfully

2023-05-31 18:56:15 - [TEST_CASE][PASSED] - Start Test Case : SCENARIO Successfully add new language: SCENARIO Successfully add new language

2023-05-31 18:56:15 - [TEST_STEP][PASSED] - User is navigated to Language Page: User is navigated to Language Page

2023-05-31 18:56:15 - [TEST_CASE][PASSED] - Test Cases/PROJECT WEB/Common/F1_LoginFeatures/LF1_TC1_SUCCESSFULY LOGIN (P): Test Cases/PROJECT WEB/Common/F1_LoginFeatures/LF1_TC1_SUCCESSFULY LOGIN (P)

2023-05-31 18:56:15 - [TEST_STEP][PASSED] - openBrowser(""): Browser is opened with url: ''

2023-05-31 18:56:16 - [MESSAGE][INFO] - Starting 'Chrome' driver

2023-05-31 18:56:16 - [MESSAGE][INFO] - User set preference: ['--window-size=1920,1080', '0']

2023-05-31 18:56:16 - [MESSAGE][INFO] - Action delay is set to 0 milliseconds

2023-05-31 18:56:17 - [MESSAGE][PASSED] - Browser is opened with url: ''

2023-05-31 18:56:17 - [TEST_STEP][PASSED] - maximizeWindow(): Current window maximized

2023-05-31 18:56:17 - [MESSAGE][PASSED] - Current window maximized

2023-05-31 18:56:17 - [TEST_STEP][PASSED] - navigateToUrl("https://opensource-demo.orangehrmlive.com/web/index.php/auth/login"): Navigate to 'https://opensource-demo.orangehrmlive.com/web/index.php/auth/login' successfully

2023-05-31 18:56:22 - [MESSAGE][PASSED] - Navigate to 'https://opensource-demo.orangehrmlive.com/web/index.php/auth/login' successfully

2023-05-31 18:56:22 - [TEST_STEP][PASSED] - setText(findTestObject("PROJECT WEB/Common/Page_OrangeHRM/input_Username"), username): Text 'Admin' is set on object 'Object Repository/PROJECT WEB/Common/Page_OrangeHRM/input_Username'

2023-05-31 18:56:25 - [MESSAGE][PASSED] - Text 'Admin' is set on object 'Object Repository/PROJECT WEB/Common/Page_OrangeHRM/input_Username'

2023-05-31 18:56:25 - [TEST_STEP][PASSED] - setEncryptedText(findTestObject("PROJECT WEB/Common/Page_OrangeHRM/input_Password"), password): Text ****** has been set on object 'Object Repository/PROJECT WEB/Common/Page_OrangeHRM/input_Password'

2023-05-31 18:56:25 - [MESSAGE][PASSED] - Text ****** has been set on object 'Object Repository/PROJECT WEB/Common/Page_OrangeHRM/input_Password'

2023-05-31 18:56:25 - [TEST_STEP][PASSED] - click(findTestObject("PROJECT WEB/Common/Page_OrangeHRM/button_Login")): Object: 'Object Repository/PROJECT WEB/Common/Page_OrangeHRM/button_Login' is clicked on

2023-05-31 18:56:26 - [MESSAGE][PASSED] - Object: 'Object Repository/PROJECT WEB/Common/Page_OrangeHRM/button_Login' is clicked on

2023-05-31 18:56:26 - [TEST_STEP][PASSED] - verifyElementPresent(findTestObject("PROJECT WEB/Common/Page_OrangeHRM/h6_Dashboard"), 0): Object 'Object Repository/PROJECT WEB/Common/Page_OrangeHRM/h6_Dashboard' is present

2023-05-31 18:56:26 - [MESSAGE][WARNING] - Timeout '0' is invalid. Using default page load timeout: '30'

2023-05-31 18:56:30 - [MESSAGE][PASSED] - Object 'Object Repository/PROJECT WEB/Common/Page_OrangeHRM/h6_Dashboard' is present

2023-05-31 18:56:30 - [MESSAGE][PASSED] - Call Test Case 'Test Cases/PROJECT WEB/Common/F1_LoginFeatures/LF1_TC1_SUCCESSFULY LOGIN (P)' successfully

2023-05-31 18:56:33 - [MESSAGE][PASSED] - Object: 'Object Repository/PROJECT WEB/AddNewLanguage/span_Admin' is clicked on

2023-05-31 18:56:33 - [MESSAGE][PASSED] - Navigate to 'https://opensource-demo.orangehrmlive.com/web/index.php/admin/viewSystemUsers' successfully

2023-05-31 18:56:36 - [MESSAGE][PASSED] - Object: 'Object Repository/PROJECT WEB/AddNewLanguage/span_Qualifications' is clicked on

2023-05-31 18:56:38 - [MESSAGE][PASSED] - Object: 'Object Repository/PROJECT WEB/AddNewLanguage/a_Languages' is clicked on

2023-05-31 18:56:38 - [MESSAGE][PASSED] - User is navigated to Language Page

2023-05-31 18:56:38 - [TEST_STEP][PASSED] - User clicks on the Add Language button: User clicks on the Add Language button

2023-05-31 18:56:41 - [MESSAGE][PASSED] - Object: 'Object Repository/PROJECT WEB/AddNewLanguage/button_AddLanguage' is clicked on

2023-05-31 18:56:41 - [MESSAGE][PASSED] - User clicks on the Add Language button

2023-05-31 18:56:41 - [TEST_STEP][PASSED] - User enters preferred language Tamil: User enters preferred language Tamil

2023-05-31 18:56:46 - [MESSAGE][PASSED] - Text 'Tamil' is set on object 'Object Repository/PROJECT WEB/AddNewLanguage/input_NameLanguage'

2023-05-31 18:56:46 - [MESSAGE][PASSED] - User enters preferred language Tamil

2023-05-31 18:56:46 - [TEST_STEP][PASSED] - User clicks on Save button at Language page: User clicks on Save button at Language page

2023-05-31 18:56:48 - [MESSAGE][PASSED] - Object: 'Object Repository/PROJECT WEB/AddNewLanguage/button_Save' is clicked on

2023-05-31 18:56:48 - [MESSAGE][PASSED] - User clicks on Save button at Language page

2023-05-31 18:56:48 - [TEST_STEP][PASSED] - User able to add and save Language successfully: User able to add and save Language successfully

2023-05-31 18:56:50 - [MESSAGE][PASSED] - Object: 'Object Repository/PROJECT WEB/AddNewLanguage/p_Successfully Saved' is clicked on

2023-05-31 18:56:50 - [MESSAGE][PASSED] - Browser is closed

2023-05-31 18:56:50 - [MESSAGE][PASSED] - User able to add and save Language successfully

2023-05-31 18:56:50 - [TEST_CASE][PASSED] - Start Test Case : SCENARIO Fail to add existing language: SCENARIO Fail to add existing language

2023-05-31 18:56:50 - [TEST_STEP][PASSED] - User is navigated to Language Page: User is navigated to Language Page

2023-05-31 18:56:50 - [TEST_CASE][PASSED] - Test Cases/PROJECT WEB/Common/F1_LoginFeatures/LF1_TC1_SUCCESSFULY LOGIN (P): Test Cases/PROJECT WEB/Common/F1_LoginFeatures/LF1_TC1_SUCCESSFULY LOGIN (P)

2023-05-31 18:56:50 - [TEST_STEP][PASSED] - openBrowser(""): Browser is opened with url: ''

2023-05-31 18:56:50 - [MESSAGE][INFO] - Starting 'Chrome' driver

2023-05-31 18:56:50 - [MESSAGE][INFO] - User set preference: ['--window-size=1920,1080', '0']

2023-05-31 18:56:50 - [MESSAGE][INFO] - Action delay is set to 0 milliseconds

2023-05-31 18:56:52 - [MESSAGE][PASSED] - Browser is opened with url: ''

2023-05-31 18:56:52 - [TEST_STEP][PASSED] - maximizeWindow(): Current window maximized

2023-05-31 18:56:52 - [MESSAGE][PASSED] - Current window maximized

2023-05-31 18:56:52 - [TEST_STEP][PASSED] - navigateToUrl("https://opensource-demo.orangehrmlive.com/web/index.php/auth/login"): Navigate to 'https://opensource-demo.orangehrmlive.com/web/index.php/auth/login' successfully

2023-05-31 18:56:57 - [MESSAGE][PASSED] - Navigate to 'https://opensource-demo.orangehrmlive.com/web/index.php/auth/login' successfully

2023-05-31 18:56:57 - [TEST_STEP][PASSED] - setText(findTestObject("PROJECT WEB/Common/Page_OrangeHRM/input_Username"), username): Text 'Admin' is set on object 'Object Repository/PROJECT WEB/Common/Page_OrangeHRM/input_Username'

2023-05-31 18:56:59 - [MESSAGE][PASSED] - Text 'Admin' is set on object 'Object Repository/PROJECT WEB/Common/Page_OrangeHRM/input_Username'

2023-05-31 18:56:59 - [TEST_STEP][PASSED] - setEncryptedText(findTestObject("PROJECT WEB/Common/Page_OrangeHRM/input_Password"), password): Text ****** has been set on object 'Object Repository/PROJECT WEB/Common/Page_OrangeHRM/input_Password'

2023-05-31 18:56:59 - [MESSAGE][PASSED] - Text ****** has been set on object 'Object Repository/PROJECT WEB/Common/Page_OrangeHRM/input_Password'

2023-05-31 18:56:59 - [TEST_STEP][PASSED] - click(findTestObject("PROJECT WEB/Common/Page_OrangeHRM/button_Login")): Object: 'Object Repository/PROJECT WEB/Common/Page_OrangeHRM/button_Login' is clicked on

2023-05-31 18:57:00 - [MESSAGE][PASSED] - Object: 'Object Repository/PROJECT WEB/Common/Page_OrangeHRM/button_Login' is clicked on

2023-05-31 18:57:00 - [TEST_STEP][PASSED] - verifyElementPresent(findTestObject("PROJECT WEB/Common/Page_OrangeHRM/h6_Dashboard"), 0): Object 'Object Repository/PROJECT WEB/Common/Page_OrangeHRM/h6_Dashboard' is present

2023-05-31 18:57:00 - [MESSAGE][WARNING] - Timeout '0' is invalid. Using default page load timeout: '30'

2023-05-31 18:57:03 - [MESSAGE][PASSED] - Object 'Object Repository/PROJECT WEB/Common/Page_OrangeHRM/h6_Dashboard' is present

2023-05-31 18:57:03 - [MESSAGE][PASSED] - Call Test Case 'Test Cases/PROJECT WEB/Common/F1_LoginFeatures/LF1_TC1_SUCCESSFULY LOGIN (P)' successfully

2023-05-31 18:57:04 - [MESSAGE][PASSED] - Object: 'Object Repository/PROJECT WEB/AddNewLanguage/span_Admin' is clicked on

2023-05-31 18:57:05 - [MESSAGE][PASSED] - Navigate to 'https://opensource-demo.orangehrmlive.com/web/index.php/admin/viewSystemUsers' successfully

2023-05-31 18:57:07 - [MESSAGE][PASSED] - Object: 'Object Repository/PROJECT WEB/AddNewLanguage/span_Qualifications' is clicked on

2023-05-31 18:57:08 - [MESSAGE][PASSED] - Object: 'Object Repository/PROJECT WEB/AddNewLanguage/a_Languages' is clicked on

2023-05-31 18:57:08 - [MESSAGE][PASSED] - User is navigated to Language Page

2023-05-31 18:57:08 - [TEST_STEP][PASSED] - User clicks on the Add Language button: User clicks on the Add Language button

2023-05-31 18:57:10 - [MESSAGE][PASSED] - Object: 'Object Repository/PROJECT WEB/AddNewLanguage/button_AddLanguage' is clicked on

2023-05-31 18:57:10 - [MESSAGE][PASSED] - User clicks on the Add Language button

2023-05-31 18:57:10 - [TEST_STEP][PASSED] - User enters exist language Russian: User enters exist language Russian

2023-05-31 18:57:11 - [MESSAGE][PASSED] - Text 'Russian' is set on object 'Object Repository/PROJECT WEB/AddNewLanguage/input_NameLanguage'

2023-05-31 18:57:11 - [MESSAGE][PASSED] - User enters exist language Russian

2023-05-31 18:57:11 - [TEST_STEP][PASSED] - User clicks on Save button at Language page: User clicks on Save button at Language page

2023-05-31 18:57:12 - [MESSAGE][PASSED] - Object: 'Object Repository/PROJECT WEB/AddNewLanguage/button_Save' is clicked on

2023-05-31 18:57:12 - [MESSAGE][PASSED] - User clicks on Save button at Language page

2023-05-31 18:57:12 - [TEST_STEP][PASSED] - User is shown popup messages on already exist: User is shown popup messages on already exist

2023-05-31 18:57:12 - [MESSAGE][WARNING] - Timeout '0' is invalid. Using default page load timeout: '30'

2023-05-31 18:57:12 - [MESSAGE][PASSED] - Object 'Object Repository/PROJECT WEB/AddNewLanguage/span_Already exists' is present

2023-05-31 18:57:13 - [MESSAGE][PASSED] - Browser is closed

2023-05-31 18:57:13 - [MESSAGE][PASSED] - User is shown popup messages on already exist

2023-05-31 18:57:13 - [TEST_CASE][PASSED] - Start Test Case : SCENARIO Language leave blank: SCENARIO Language leave blank

2023-05-31 18:57:13 - [TEST_STEP][PASSED] - User is navigated to Language Page: User is navigated to Language Page

2023-05-31 18:57:13 - [TEST_CASE][PASSED] - Test Cases/PROJECT WEB/Common/F1_LoginFeatures/LF1_TC1_SUCCESSFULY LOGIN (P): Test Cases/PROJECT WEB/Common/F1_LoginFeatures/LF1_TC1_SUCCESSFULY LOGIN (P)

2023-05-31 18:57:13 - [TEST_STEP][PASSED] - openBrowser(""): Browser is opened with url: ''

2023-05-31 18:57:13 - [MESSAGE][INFO] - Starting 'Chrome' driver

2023-05-31 18:57:13 - [MESSAGE][INFO] - User set preference: ['--window-size=1920,1080', '0']

2023-05-31 18:57:13 - [MESSAGE][INFO] - Action delay is set to 0 milliseconds

2023-05-31 18:57:14 - [MESSAGE][PASSED] - Browser is opened with url: ''

2023-05-31 18:57:14 - [TEST_STEP][PASSED] - maximizeWindow(): Current window maximized

2023-05-31 18:57:14 - [MESSAGE][PASSED] - Current window maximized

2023-05-31 18:57:14 - [TEST_STEP][PASSED] - navigateToUrl("https://opensource-demo.orangehrmlive.com/web/index.php/auth/login"): Navigate to 'https://opensource-demo.orangehrmlive.com/web/index.php/auth/login' successfully

2023-05-31 18:57:20 - [MESSAGE][PASSED] - Navigate to 'https://opensource-demo.orangehrmlive.com/web/index.php/auth/login' successfully

2023-05-31 18:57:20 - [TEST_STEP][PASSED] - setText(findTestObject("PROJECT WEB/Common/Page_OrangeHRM/input_Username"), username): Text 'Admin' is set on object 'Object Repository/PROJECT WEB/Common/Page_OrangeHRM/input_Username'

2023-05-31 18:57:22 - [MESSAGE][PASSED] - Text 'Admin' is set on object 'Object Repository/PROJECT WEB/Common/Page_OrangeHRM/input_Username'

2023-05-31 18:57:22 - [TEST_STEP][PASSED] - setEncryptedText(findTestObject("PROJECT WEB/Common/Page_OrangeHRM/input_Password"), password): Text ****** has been set on object 'Object Repository/PROJECT WEB/Common/Page_OrangeHRM/input_Password'

2023-05-31 18:57:22 - [MESSAGE][PASSED] - Text ****** has been set on object 'Object Repository/PROJECT WEB/Common/Page_OrangeHRM/input_Password'

2023-05-31 18:57:22 - [TEST_STEP][PASSED] - click(findTestObject("PROJECT WEB/Common/Page_OrangeHRM/button_Login")): Object: 'Object Repository/PROJECT WEB/Common/Page_OrangeHRM/button_Login' is clicked on

2023-05-31 18:57:23 - [MESSAGE][PASSED] - Object: 'Object Repository/PROJECT WEB/Common/Page_OrangeHRM/button_Login' is clicked on

2023-05-31 18:57:23 - [TEST_STEP][PASSED] - verifyElementPresent(findTestObject("PROJECT WEB/Common/Page_OrangeHRM/h6_Dashboard"), 0): Object 'Object Repository/PROJECT WEB/Common/Page_OrangeHRM/h6_Dashboard' is present

2023-05-31 18:57:23 - [MESSAGE][WARNING] - Timeout '0' is invalid. Using default page load timeout: '30'

2023-05-31 18:57:26 - [MESSAGE][PASSED] - Object 'Object Repository/PROJECT WEB/Common/Page_OrangeHRM/h6_Dashboard' is present

2023-05-31 18:57:26 - [MESSAGE][PASSED] - Call Test Case 'Test Cases/PROJECT WEB/Common/F1_LoginFeatures/LF1_TC1_SUCCESSFULY LOGIN (P)' successfully

2023-05-31 18:57:27 - [MESSAGE][PASSED] - Object: 'Object Repository/PROJECT WEB/AddNewLanguage/span_Admin' is clicked on

2023-05-31 18:57:28 - [MESSAGE][PASSED] - Navigate to 'https://opensource-demo.orangehrmlive.com/web/index.php/admin/viewSystemUsers' successfully

2023-05-31 18:57:29 - [MESSAGE][PASSED] - Object: 'Object Repository/PROJECT WEB/AddNewLanguage/span_Qualifications' is clicked on

2023-05-31 18:57:30 - [MESSAGE][PASSED] - Object: 'Object Repository/PROJECT WEB/AddNewLanguage/a_Languages' is clicked on

2023-05-31 18:57:30 - [MESSAGE][PASSED] - User is navigated to Language Page

2023-05-31 18:57:30 - [TEST_STEP][PASSED] - User clicks on the Add Language button: User clicks on the Add Language button

2023-05-31 18:57:32 - [MESSAGE][PASSED] - Object: 'Object Repository/PROJECT WEB/AddNewLanguage/button_AddLanguage' is clicked on

2023-05-31 18:57:32 - [MESSAGE][PASSED] - User clicks on the Add Language button

2023-05-31 18:57:32 - [TEST_STEP][PASSED] - User clicks on Save button at Language page: User clicks on Save button at Language page

2023-05-31 18:57:34 - [MESSAGE][PASSED] - Object: 'Object Repository/PROJECT WEB/AddNewLanguage/button_Save' is clicked on

2023-05-31 18:57:34 - [MESSAGE][PASSED] - User clicks on Save button at Language page

2023-05-31 18:57:34 - [TEST_STEP][PASSED] - User is shown with messages on required: User is shown with messages on required

2023-05-31 18:57:34 - [MESSAGE][WARNING] - Timeout '0' is invalid. Using default page load timeout: '30'

2023-05-31 18:57:35 - [MESSAGE][PASSED] - Object 'Object Repository/PROJECT WEB/AddNewLanguage/span_Required' is present

2023-05-31 18:57:35 - [MESSAGE][PASSED] - Browser is closed

2023-05-31 18:57:35 - [MESSAGE][PASSED] - User is shown with messages on required

2023-05-31 18:57:35 - [MESSAGE][PASSED] - Feature file: 'Include/features/Add New Language_BDD.feature' was passed]]></system-out>
         <system-err><![CDATA[]]></system-err>
      </testcase>
      <system-out><![CDATA[2023-05-31 18:55:31 - [TEST_SUITE][PASSED] - F7_Language_BDD: Test Cases/PROJECT WEB/F7_Languages-BDD/AddNewLanguage]]></system-out>
      <system-err><![CDATA[]]></system-err>
   </testsuite>
</testsuites>
