<?xml version="1.0" encoding="UTF-8"?>
<testsuites name="F3_JobTitles" time="331.362" tests="6" failures="0" errors="0">
   <testsuite name="F3_JobTitles" tests="6" failures="0" errors="0" time="331.362" skipped="0" timestamp="2023-05-31 00:34:53" hostname="Aiman Hakim - DESKTOP-1FDN2RP" id="Test Suites/F3_JobTitles">
      <properties>
         <property name="deviceName" value=""/>
         <property name="devicePlatform" value=""/>
         <property name="logFolder" value="C:\\Users\\Aiman Hakim\\Katalon Studio\\PROJECT WEB_ASSESSMENT PROTEGE\\Reports\\20230531_003441\\F3_JobTitles\\20230531_003441"/>
         <property name="logFiles" value="C:\\Users\\Aiman Hakim\\Katalon Studio\\PROJECT WEB_ASSESSMENT PROTEGE\\Reports\\20230531_003441\\F3_JobTitles\\20230531_003441\\execution0.log"/>
         <property name="attachments" value=""/>
         <property name="hostName" value="Aiman Hakim - DESKTOP-1FDN2RP"/>
         <property name="os" value="Windows 10 64bit"/>
         <property name="katalonVersion" value="8.6.0.208"/>
         <property name="browser" value="Chrome 113.0.0.0"/>
         <property name="hostAddress" value="192.168.8.100"/>
         <property name="sessionId" value="d5ba8791e7d55f53b0a571c294fe104f"/>
         <property name="seleniumVersion" value="3.141.59"/>
         <property name="proxyInformation" value="ProxyInformation { proxyOption=NO_PROXY, proxyServerType=HTTP, username=, password=********, proxyServerAddress=, proxyServerPort=0, executionList=&quot;&quot;, isApplyToDesiredCapabilities=true }"/>
         <property name="platform" value="Windows 10"/>
      </properties>
      <testcase name="Test Cases/PROJECT WEB/F3_Job Titles/Add Job Titles/JT01_TC01_Add Job Titles Success_DDT (P)" time="91.805" classname="Test Cases/PROJECT WEB/F3_Job Titles/Add Job Titles/JT01_TC01_Add Job Titles Success_DDT (P)" status="PASSED">
         <system-out><![CDATA[2023-05-31 00:34:54 - [TEST_CASE][PASSED] - Test Cases/PROJECT WEB/F3_Job Titles/Add Job Titles/JT01_TC01_Add Job Titles Success_DDT (P): Test Cases/PROJECT WEB/F3_Job Titles/Add Job Titles/JT01_TC01_Add Job Titles Success_DDT (P)

2023-05-31 00:34:55 - [TEST_STEP][PASSED] - callTestCase(findTestCase("PROJECT WEB/Common/F1_LoginFeatures/LF1_TC1_SUCCESSFULY LOGIN (P)"), ["username":"Admin", "password":"hUKwJTbofgPU9eVlw/CnDQ=="], STOP_ON_FAILURE): Call Test Case 'Test Cases/PROJECT WEB/Common/F1_LoginFeatures/LF1_TC1_SUCCESSFULY LOGIN (P)' successfully

2023-05-31 00:34:55 - [TEST_CASE][PASSED] - Test Cases/PROJECT WEB/Common/F1_LoginFeatures/LF1_TC1_SUCCESSFULY LOGIN (P): Test Cases/PROJECT WEB/Common/F1_LoginFeatures/LF1_TC1_SUCCESSFULY LOGIN (P)

2023-05-31 00:34:56 - [TEST_STEP][PASSED] - openBrowser(""): Browser is opened with url: ''

2023-05-31 00:34:56 - [MESSAGE][INFO] - Starting 'Chrome' driver

2023-05-31 00:34:56 - [MESSAGE][INFO] - User set preference: ['--window-size=1920,1080', '0']

2023-05-31 00:34:56 - [MESSAGE][INFO] - Action delay is set to 0 milliseconds

2023-05-31 00:35:00 - [MESSAGE][PASSED] - Browser is opened with url: ''

2023-05-31 00:35:00 - [TEST_STEP][PASSED] - maximizeWindow(): Current window maximized

2023-05-31 00:35:00 - [MESSAGE][PASSED] - Current window maximized

2023-05-31 00:35:00 - [TEST_STEP][PASSED] - navigateToUrl("https://opensource-demo.orangehrmlive.com/web/index.php/auth/login"): Navigate to 'https://opensource-demo.orangehrmlive.com/web/index.php/auth/login' successfully

2023-05-31 00:35:16 - [MESSAGE][PASSED] - Navigate to 'https://opensource-demo.orangehrmlive.com/web/index.php/auth/login' successfully

2023-05-31 00:35:16 - [TEST_STEP][PASSED] - setText(findTestObject("PROJECT WEB/Common/Page_OrangeHRM/input_Username"), username): Text 'Admin' is set on object 'Object Repository/PROJECT WEB/Common/Page_OrangeHRM/input_Username'

2023-05-31 00:35:19 - [MESSAGE][PASSED] - Text 'Admin' is set on object 'Object Repository/PROJECT WEB/Common/Page_OrangeHRM/input_Username'

2023-05-31 00:35:19 - [TEST_STEP][PASSED] - setEncryptedText(findTestObject("PROJECT WEB/Common/Page_OrangeHRM/input_Password"), password): Text ****** has been set on object 'Object Repository/PROJECT WEB/Common/Page_OrangeHRM/input_Password'

2023-05-31 00:35:19 - [MESSAGE][PASSED] - Text ****** has been set on object 'Object Repository/PROJECT WEB/Common/Page_OrangeHRM/input_Password'

2023-05-31 00:35:19 - [TEST_STEP][PASSED] - click(findTestObject("PROJECT WEB/Common/Page_OrangeHRM/button_Login")): Object: 'Object Repository/PROJECT WEB/Common/Page_OrangeHRM/button_Login' is clicked on

2023-05-31 00:35:20 - [MESSAGE][PASSED] - Object: 'Object Repository/PROJECT WEB/Common/Page_OrangeHRM/button_Login' is clicked on

2023-05-31 00:35:20 - [TEST_STEP][PASSED] - verifyElementPresent(findTestObject("PROJECT WEB/Common/Page_OrangeHRM/h6_Dashboard"), 0): Object 'Object Repository/PROJECT WEB/Common/Page_OrangeHRM/h6_Dashboard' is present

2023-05-31 00:35:20 - [MESSAGE][WARNING] - Timeout '0' is invalid. Using default page load timeout: '30'

2023-05-31 00:35:24 - [MESSAGE][PASSED] - Object 'Object Repository/PROJECT WEB/Common/Page_OrangeHRM/h6_Dashboard' is present

2023-05-31 00:35:24 - [MESSAGE][PASSED] - Call Test Case 'Test Cases/PROJECT WEB/Common/F1_LoginFeatures/LF1_TC1_SUCCESSFULY LOGIN (P)' successfully

2023-05-31 00:35:24 - [TEST_STEP][PASSED] - click(findTestObject("PROJECT WEB/Job Titles/span_Admin_JT")): Object: 'Object Repository/PROJECT WEB/Job Titles/span_Admin_JT' is clicked on

2023-05-31 00:35:26 - [MESSAGE][PASSED] - Object: 'Object Repository/PROJECT WEB/Job Titles/span_Admin_JT' is clicked on

2023-05-31 00:35:26 - [TEST_STEP][PASSED] - navigateToUrl("https://opensource-demo.orangehrmlive.com/web/index.php/admin/viewSystemUsers"): Navigate to 'https://opensource-demo.orangehrmlive.com/web/index.php/admin/viewSystemUsers' successfully

2023-05-31 00:35:27 - [MESSAGE][PASSED] - Navigate to 'https://opensource-demo.orangehrmlive.com/web/index.php/admin/viewSystemUsers' successfully

2023-05-31 00:35:27 - [TEST_STEP][PASSED] - click(findTestObject("PROJECT WEB/Job Titles/span_Job_JT")): Object: 'Object Repository/PROJECT WEB/Job Titles/span_Job_JT' is clicked on

2023-05-31 00:35:28 - [MESSAGE][PASSED] - Object: 'Object Repository/PROJECT WEB/Job Titles/span_Job_JT' is clicked on

2023-05-31 00:35:28 - [TEST_STEP][PASSED] - click(findTestObject("PROJECT WEB/Job Titles/a_Job Titles")): Object: 'Object Repository/PROJECT WEB/Job Titles/a_Job Titles' is clicked on

2023-05-31 00:35:29 - [MESSAGE][PASSED] - Object: 'Object Repository/PROJECT WEB/Job Titles/a_Job Titles' is clicked on

2023-05-31 00:35:29 - [TEST_STEP][PASSED] - click(findTestObject("PROJECT WEB/Job Titles/button_Add_JT")): Object: 'Object Repository/PROJECT WEB/Job Titles/button_Add_JT' is clicked on

2023-05-31 00:35:31 - [MESSAGE][PASSED] - Object: 'Object Repository/PROJECT WEB/Job Titles/button_Add_JT' is clicked on

2023-05-31 00:35:31 - [TEST_STEP][PASSED] - setText(findTestObject("PROJECT WEB/Job Titles/input_Job Title"), jobtitles): Text 'QA_TB01' is set on object 'Object Repository/PROJECT WEB/Job Titles/input_Job Title'

2023-05-31 00:35:35 - [MESSAGE][PASSED] - Text 'QA_TB01' is set on object 'Object Repository/PROJECT WEB/Job Titles/input_Job Title'

2023-05-31 00:35:35 - [TEST_STEP][PASSED] - setText(findTestObject("PROJECT WEB/Job Titles/textarea_Job Description_JT"), description): Text 'Testing Software' is set on object 'Object Repository/PROJECT WEB/Job Titles/textarea_Job Description_JT'

2023-05-31 00:35:35 - [MESSAGE][PASSED] - Text 'Testing Software' is set on object 'Object Repository/PROJECT WEB/Job Titles/textarea_Job Description_JT'

2023-05-31 00:35:35 - [TEST_STEP][PASSED] - uploadFile(findTestObject("PROJECT WEB/Job Titles/div_InputFile"), uploadfile): File 'C:\Users\Aiman Hakim\Downloads\Job Description Dummy.pdf' sent to object: 'Object Repository/PROJECT WEB/Job Titles/div_InputFile'

2023-05-31 00:35:36 - [MESSAGE][PASSED] - File 'C:\Users\Aiman Hakim\Downloads\Job Description Dummy.pdf' sent to object: 'Object Repository/PROJECT WEB/Job Titles/div_InputFile'

2023-05-31 00:35:36 - [TEST_STEP][PASSED] - setText(findTestObject("PROJECT WEB/Job Titles/textarea_For Note_JT"), textnote): Text 'Fun thing to do' is set on object 'Object Repository/PROJECT WEB/Job Titles/textarea_For Note_JT'

2023-05-31 00:35:37 - [MESSAGE][PASSED] - Text 'Fun thing to do' is set on object 'Object Repository/PROJECT WEB/Job Titles/textarea_For Note_JT'

2023-05-31 00:35:37 - [TEST_STEP][PASSED] - click(findTestObject("Object Repository/PROJECT WEB/Job Titles/button_Save")): Object: 'Object Repository/PROJECT WEB/Job Titles/button_Save' is clicked on

2023-05-31 00:35:37 - [MESSAGE][PASSED] - Object: 'Object Repository/PROJECT WEB/Job Titles/button_Save' is clicked on

2023-05-31 00:35:37 - [TEST_STEP][PASSED] - click(findTestObject("Object Repository/PROJECT WEB/Job Titles/p_Successfully Saved")): Object: 'Object Repository/PROJECT WEB/Job Titles/p_Successfully Saved' is clicked on

2023-05-31 00:36:26 - [MESSAGE][PASSED] - Object: 'Object Repository/PROJECT WEB/Job Titles/p_Successfully Saved' is clicked on]]></system-out>
         <system-err><![CDATA[]]></system-err>
      </testcase>
      <testcase name="Test Cases/PROJECT WEB/F3_Job Titles/Add Job Titles/JT01_TC01_Add Job Titles Success_DDT (P)" time="42.83" classname="Test Cases/PROJECT WEB/F3_Job Titles/Add Job Titles/JT01_TC01_Add Job Titles Success_DDT (P)" status="PASSED">
         <system-out><![CDATA[2023-05-31 00:36:26 - [TEST_CASE][PASSED] - Test Cases/PROJECT WEB/F3_Job Titles/Add Job Titles/JT01_TC01_Add Job Titles Success_DDT (P): Test Cases/PROJECT WEB/F3_Job Titles/Add Job Titles/JT01_TC01_Add Job Titles Success_DDT (P)

2023-05-31 00:36:26 - [TEST_STEP][PASSED] - callTestCase(findTestCase("PROJECT WEB/Common/F1_LoginFeatures/LF1_TC1_SUCCESSFULY LOGIN (P)"), ["username":"Admin", "password":"hUKwJTbofgPU9eVlw/CnDQ=="], STOP_ON_FAILURE): Call Test Case 'Test Cases/PROJECT WEB/Common/F1_LoginFeatures/LF1_TC1_SUCCESSFULY LOGIN (P)' successfully

2023-05-31 00:36:26 - [TEST_CASE][PASSED] - Test Cases/PROJECT WEB/Common/F1_LoginFeatures/LF1_TC1_SUCCESSFULY LOGIN (P): Test Cases/PROJECT WEB/Common/F1_LoginFeatures/LF1_TC1_SUCCESSFULY LOGIN (P)

2023-05-31 00:36:26 - [TEST_STEP][PASSED] - openBrowser(""): Browser is opened with url: ''

2023-05-31 00:36:26 - [MESSAGE][WARNING] - A browser is already opened. Closing browser and opening a new one

2023-05-31 00:36:27 - [MESSAGE][INFO] - Starting 'Chrome' driver

2023-05-31 00:36:27 - [MESSAGE][INFO] - User set preference: ['--window-size=1920,1080', '0']

2023-05-31 00:36:27 - [MESSAGE][INFO] - Action delay is set to 0 milliseconds

2023-05-31 00:36:28 - [MESSAGE][PASSED] - Browser is opened with url: ''

2023-05-31 00:36:28 - [TEST_STEP][PASSED] - maximizeWindow(): Current window maximized

2023-05-31 00:36:28 - [MESSAGE][PASSED] - Current window maximized

2023-05-31 00:36:28 - [TEST_STEP][PASSED] - navigateToUrl("https://opensource-demo.orangehrmlive.com/web/index.php/auth/login"): Navigate to 'https://opensource-demo.orangehrmlive.com/web/index.php/auth/login' successfully

2023-05-31 00:36:39 - [MESSAGE][PASSED] - Navigate to 'https://opensource-demo.orangehrmlive.com/web/index.php/auth/login' successfully

2023-05-31 00:36:39 - [TEST_STEP][PASSED] - setText(findTestObject("PROJECT WEB/Common/Page_OrangeHRM/input_Username"), username): Text 'Admin' is set on object 'Object Repository/PROJECT WEB/Common/Page_OrangeHRM/input_Username'

2023-05-31 00:36:41 - [MESSAGE][PASSED] - Text 'Admin' is set on object 'Object Repository/PROJECT WEB/Common/Page_OrangeHRM/input_Username'

2023-05-31 00:36:41 - [TEST_STEP][PASSED] - setEncryptedText(findTestObject("PROJECT WEB/Common/Page_OrangeHRM/input_Password"), password): Text ****** has been set on object 'Object Repository/PROJECT WEB/Common/Page_OrangeHRM/input_Password'

2023-05-31 00:36:41 - [MESSAGE][PASSED] - Text ****** has been set on object 'Object Repository/PROJECT WEB/Common/Page_OrangeHRM/input_Password'

2023-05-31 00:36:41 - [TEST_STEP][PASSED] - click(findTestObject("PROJECT WEB/Common/Page_OrangeHRM/button_Login")): Object: 'Object Repository/PROJECT WEB/Common/Page_OrangeHRM/button_Login' is clicked on

2023-05-31 00:36:41 - [MESSAGE][PASSED] - Object: 'Object Repository/PROJECT WEB/Common/Page_OrangeHRM/button_Login' is clicked on

2023-05-31 00:36:41 - [TEST_STEP][PASSED] - verifyElementPresent(findTestObject("PROJECT WEB/Common/Page_OrangeHRM/h6_Dashboard"), 0): Object 'Object Repository/PROJECT WEB/Common/Page_OrangeHRM/h6_Dashboard' is present

2023-05-31 00:36:42 - [MESSAGE][WARNING] - Timeout '0' is invalid. Using default page load timeout: '30'

2023-05-31 00:36:50 - [MESSAGE][PASSED] - Object 'Object Repository/PROJECT WEB/Common/Page_OrangeHRM/h6_Dashboard' is present

2023-05-31 00:36:50 - [MESSAGE][PASSED] - Call Test Case 'Test Cases/PROJECT WEB/Common/F1_LoginFeatures/LF1_TC1_SUCCESSFULY LOGIN (P)' successfully

2023-05-31 00:36:50 - [TEST_STEP][PASSED] - click(findTestObject("PROJECT WEB/Job Titles/span_Admin_JT")): Object: 'Object Repository/PROJECT WEB/Job Titles/span_Admin_JT' is clicked on

2023-05-31 00:36:52 - [MESSAGE][PASSED] - Object: 'Object Repository/PROJECT WEB/Job Titles/span_Admin_JT' is clicked on

2023-05-31 00:36:52 - [TEST_STEP][PASSED] - navigateToUrl("https://opensource-demo.orangehrmlive.com/web/index.php/admin/viewSystemUsers"): Navigate to 'https://opensource-demo.orangehrmlive.com/web/index.php/admin/viewSystemUsers' successfully

2023-05-31 00:36:52 - [MESSAGE][PASSED] - Navigate to 'https://opensource-demo.orangehrmlive.com/web/index.php/admin/viewSystemUsers' successfully

2023-05-31 00:36:52 - [TEST_STEP][PASSED] - click(findTestObject("PROJECT WEB/Job Titles/span_Job_JT")): Object: 'Object Repository/PROJECT WEB/Job Titles/span_Job_JT' is clicked on

2023-05-31 00:36:53 - [MESSAGE][PASSED] - Object: 'Object Repository/PROJECT WEB/Job Titles/span_Job_JT' is clicked on

2023-05-31 00:36:53 - [TEST_STEP][PASSED] - click(findTestObject("PROJECT WEB/Job Titles/a_Job Titles")): Object: 'Object Repository/PROJECT WEB/Job Titles/a_Job Titles' is clicked on

2023-05-31 00:36:57 - [MESSAGE][PASSED] - Object: 'Object Repository/PROJECT WEB/Job Titles/a_Job Titles' is clicked on

2023-05-31 00:36:57 - [TEST_STEP][PASSED] - click(findTestObject("PROJECT WEB/Job Titles/button_Add_JT")): Object: 'Object Repository/PROJECT WEB/Job Titles/button_Add_JT' is clicked on

2023-05-31 00:37:03 - [MESSAGE][PASSED] - Object: 'Object Repository/PROJECT WEB/Job Titles/button_Add_JT' is clicked on

2023-05-31 00:37:03 - [TEST_STEP][PASSED] - setText(findTestObject("PROJECT WEB/Job Titles/input_Job Title"), jobtitles): Text 'QS_TB01' is set on object 'Object Repository/PROJECT WEB/Job Titles/input_Job Title'

2023-05-31 00:37:05 - [MESSAGE][PASSED] - Text 'QS_TB01' is set on object 'Object Repository/PROJECT WEB/Job Titles/input_Job Title'

2023-05-31 00:37:05 - [TEST_STEP][PASSED] - setText(findTestObject("PROJECT WEB/Job Titles/textarea_Job Description_JT"), description): Text 'Testing Software TB' is set on object 'Object Repository/PROJECT WEB/Job Titles/textarea_Job Description_JT'

2023-05-31 00:37:06 - [MESSAGE][PASSED] - Text 'Testing Software TB' is set on object 'Object Repository/PROJECT WEB/Job Titles/textarea_Job Description_JT'

2023-05-31 00:37:06 - [TEST_STEP][PASSED] - uploadFile(findTestObject("PROJECT WEB/Job Titles/div_InputFile"), uploadfile): File 'C:\Users\Aiman Hakim\Downloads\Job Description Dummy.pdf' sent to object: 'Object Repository/PROJECT WEB/Job Titles/div_InputFile'

2023-05-31 00:37:06 - [MESSAGE][PASSED] - File 'C:\Users\Aiman Hakim\Downloads\Job Description Dummy.pdf' sent to object: 'Object Repository/PROJECT WEB/Job Titles/div_InputFile'

2023-05-31 00:37:06 - [TEST_STEP][PASSED] - setText(findTestObject("PROJECT WEB/Job Titles/textarea_For Note_JT"), textnote): Text 'Nice thing to do' is set on object 'Object Repository/PROJECT WEB/Job Titles/textarea_For Note_JT'

2023-05-31 00:37:07 - [MESSAGE][PASSED] - Text 'Nice thing to do' is set on object 'Object Repository/PROJECT WEB/Job Titles/textarea_For Note_JT'

2023-05-31 00:37:07 - [TEST_STEP][PASSED] - click(findTestObject("Object Repository/PROJECT WEB/Job Titles/button_Save")): Object: 'Object Repository/PROJECT WEB/Job Titles/button_Save' is clicked on

2023-05-31 00:37:07 - [MESSAGE][PASSED] - Object: 'Object Repository/PROJECT WEB/Job Titles/button_Save' is clicked on

2023-05-31 00:37:07 - [TEST_STEP][PASSED] - click(findTestObject("Object Repository/PROJECT WEB/Job Titles/p_Successfully Saved")): Object: 'Object Repository/PROJECT WEB/Job Titles/p_Successfully Saved' is clicked on

2023-05-31 00:37:09 - [MESSAGE][PASSED] - Object: 'Object Repository/PROJECT WEB/Job Titles/p_Successfully Saved' is clicked on]]></system-out>
         <system-err><![CDATA[]]></system-err>
      </testcase>
      <testcase name="Test Cases/PROJECT WEB/F3_Job Titles/Add Job Titles/JT01_TC01_Add Job Titles Success_DDT (P)" time="33.944" classname="Test Cases/PROJECT WEB/F3_Job Titles/Add Job Titles/JT01_TC01_Add Job Titles Success_DDT (P)" status="PASSED">
         <system-out><![CDATA[2023-05-31 00:37:09 - [TEST_CASE][PASSED] - Test Cases/PROJECT WEB/F3_Job Titles/Add Job Titles/JT01_TC01_Add Job Titles Success_DDT (P): Test Cases/PROJECT WEB/F3_Job Titles/Add Job Titles/JT01_TC01_Add Job Titles Success_DDT (P)

2023-05-31 00:37:09 - [TEST_STEP][PASSED] - callTestCase(findTestCase("PROJECT WEB/Common/F1_LoginFeatures/LF1_TC1_SUCCESSFULY LOGIN (P)"), ["username":"Admin", "password":"hUKwJTbofgPU9eVlw/CnDQ=="], STOP_ON_FAILURE): Call Test Case 'Test Cases/PROJECT WEB/Common/F1_LoginFeatures/LF1_TC1_SUCCESSFULY LOGIN (P)' successfully

2023-05-31 00:37:09 - [TEST_CASE][PASSED] - Test Cases/PROJECT WEB/Common/F1_LoginFeatures/LF1_TC1_SUCCESSFULY LOGIN (P): Test Cases/PROJECT WEB/Common/F1_LoginFeatures/LF1_TC1_SUCCESSFULY LOGIN (P)

2023-05-31 00:37:09 - [TEST_STEP][PASSED] - openBrowser(""): Browser is opened with url: ''

2023-05-31 00:37:09 - [MESSAGE][WARNING] - A browser is already opened. Closing browser and opening a new one

2023-05-31 00:37:10 - [MESSAGE][INFO] - Starting 'Chrome' driver

2023-05-31 00:37:10 - [MESSAGE][INFO] - User set preference: ['--window-size=1920,1080', '0']

2023-05-31 00:37:10 - [MESSAGE][INFO] - Action delay is set to 0 milliseconds

2023-05-31 00:37:11 - [MESSAGE][PASSED] - Browser is opened with url: ''

2023-05-31 00:37:11 - [TEST_STEP][PASSED] - maximizeWindow(): Current window maximized

2023-05-31 00:37:11 - [MESSAGE][PASSED] - Current window maximized

2023-05-31 00:37:11 - [TEST_STEP][PASSED] - navigateToUrl("https://opensource-demo.orangehrmlive.com/web/index.php/auth/login"): Navigate to 'https://opensource-demo.orangehrmlive.com/web/index.php/auth/login' successfully

2023-05-31 00:37:17 - [MESSAGE][PASSED] - Navigate to 'https://opensource-demo.orangehrmlive.com/web/index.php/auth/login' successfully

2023-05-31 00:37:17 - [TEST_STEP][PASSED] - setText(findTestObject("PROJECT WEB/Common/Page_OrangeHRM/input_Username"), username): Text 'Admin' is set on object 'Object Repository/PROJECT WEB/Common/Page_OrangeHRM/input_Username'

2023-05-31 00:37:19 - [MESSAGE][PASSED] - Text 'Admin' is set on object 'Object Repository/PROJECT WEB/Common/Page_OrangeHRM/input_Username'

2023-05-31 00:37:19 - [TEST_STEP][PASSED] - setEncryptedText(findTestObject("PROJECT WEB/Common/Page_OrangeHRM/input_Password"), password): Text ****** has been set on object 'Object Repository/PROJECT WEB/Common/Page_OrangeHRM/input_Password'

2023-05-31 00:37:19 - [MESSAGE][PASSED] - Text ****** has been set on object 'Object Repository/PROJECT WEB/Common/Page_OrangeHRM/input_Password'

2023-05-31 00:37:19 - [TEST_STEP][PASSED] - click(findTestObject("PROJECT WEB/Common/Page_OrangeHRM/button_Login")): Object: 'Object Repository/PROJECT WEB/Common/Page_OrangeHRM/button_Login' is clicked on

2023-05-31 00:37:20 - [MESSAGE][PASSED] - Object: 'Object Repository/PROJECT WEB/Common/Page_OrangeHRM/button_Login' is clicked on

2023-05-31 00:37:20 - [TEST_STEP][PASSED] - verifyElementPresent(findTestObject("PROJECT WEB/Common/Page_OrangeHRM/h6_Dashboard"), 0): Object 'Object Repository/PROJECT WEB/Common/Page_OrangeHRM/h6_Dashboard' is present

2023-05-31 00:37:20 - [MESSAGE][WARNING] - Timeout '0' is invalid. Using default page load timeout: '30'

2023-05-31 00:37:24 - [MESSAGE][PASSED] - Object 'Object Repository/PROJECT WEB/Common/Page_OrangeHRM/h6_Dashboard' is present

2023-05-31 00:37:24 - [MESSAGE][PASSED] - Call Test Case 'Test Cases/PROJECT WEB/Common/F1_LoginFeatures/LF1_TC1_SUCCESSFULY LOGIN (P)' successfully

2023-05-31 00:37:24 - [TEST_STEP][PASSED] - click(findTestObject("PROJECT WEB/Job Titles/span_Admin_JT")): Object: 'Object Repository/PROJECT WEB/Job Titles/span_Admin_JT' is clicked on

2023-05-31 00:37:25 - [MESSAGE][PASSED] - Object: 'Object Repository/PROJECT WEB/Job Titles/span_Admin_JT' is clicked on

2023-05-31 00:37:25 - [TEST_STEP][PASSED] - navigateToUrl("https://opensource-demo.orangehrmlive.com/web/index.php/admin/viewSystemUsers"): Navigate to 'https://opensource-demo.orangehrmlive.com/web/index.php/admin/viewSystemUsers' successfully

2023-05-31 00:37:26 - [MESSAGE][PASSED] - Navigate to 'https://opensource-demo.orangehrmlive.com/web/index.php/admin/viewSystemUsers' successfully

2023-05-31 00:37:26 - [TEST_STEP][PASSED] - click(findTestObject("PROJECT WEB/Job Titles/span_Job_JT")): Object: 'Object Repository/PROJECT WEB/Job Titles/span_Job_JT' is clicked on

2023-05-31 00:37:27 - [MESSAGE][PASSED] - Object: 'Object Repository/PROJECT WEB/Job Titles/span_Job_JT' is clicked on

2023-05-31 00:37:27 - [TEST_STEP][PASSED] - click(findTestObject("PROJECT WEB/Job Titles/a_Job Titles")): Object: 'Object Repository/PROJECT WEB/Job Titles/a_Job Titles' is clicked on

2023-05-31 00:37:28 - [MESSAGE][PASSED] - Object: 'Object Repository/PROJECT WEB/Job Titles/a_Job Titles' is clicked on

2023-05-31 00:37:28 - [TEST_STEP][PASSED] - click(findTestObject("PROJECT WEB/Job Titles/button_Add_JT")): Object: 'Object Repository/PROJECT WEB/Job Titles/button_Add_JT' is clicked on

2023-05-31 00:37:32 - [MESSAGE][PASSED] - Object: 'Object Repository/PROJECT WEB/Job Titles/button_Add_JT' is clicked on

2023-05-31 00:37:32 - [TEST_STEP][PASSED] - setText(findTestObject("PROJECT WEB/Job Titles/input_Job Title"), jobtitles): Text 'Lead' is set on object 'Object Repository/PROJECT WEB/Job Titles/input_Job Title'

2023-05-31 00:37:36 - [MESSAGE][PASSED] - Text 'Lead' is set on object 'Object Repository/PROJECT WEB/Job Titles/input_Job Title'

2023-05-31 00:37:36 - [TEST_STEP][PASSED] - setText(findTestObject("PROJECT WEB/Job Titles/textarea_Job Description_JT"), description): Text 'Lead QA n Qs' is set on object 'Object Repository/PROJECT WEB/Job Titles/textarea_Job Description_JT'

2023-05-31 00:37:36 - [MESSAGE][PASSED] - Text 'Lead QA n Qs' is set on object 'Object Repository/PROJECT WEB/Job Titles/textarea_Job Description_JT'

2023-05-31 00:37:36 - [TEST_STEP][PASSED] - uploadFile(findTestObject("PROJECT WEB/Job Titles/div_InputFile"), uploadfile): File 'C:\Users\Aiman Hakim\Downloads\Job Description Dummy.pdf' sent to object: 'Object Repository/PROJECT WEB/Job Titles/div_InputFile'

2023-05-31 00:37:37 - [MESSAGE][PASSED] - File 'C:\Users\Aiman Hakim\Downloads\Job Description Dummy.pdf' sent to object: 'Object Repository/PROJECT WEB/Job Titles/div_InputFile'

2023-05-31 00:37:37 - [TEST_STEP][PASSED] - setText(findTestObject("PROJECT WEB/Job Titles/textarea_For Note_JT"), textnote): Text 'One day' is set on object 'Object Repository/PROJECT WEB/Job Titles/textarea_For Note_JT'

2023-05-31 00:37:37 - [MESSAGE][PASSED] - Text 'One day' is set on object 'Object Repository/PROJECT WEB/Job Titles/textarea_For Note_JT'

2023-05-31 00:37:37 - [TEST_STEP][PASSED] - click(findTestObject("Object Repository/PROJECT WEB/Job Titles/button_Save")): Object: 'Object Repository/PROJECT WEB/Job Titles/button_Save' is clicked on

2023-05-31 00:37:38 - [MESSAGE][PASSED] - Object: 'Object Repository/PROJECT WEB/Job Titles/button_Save' is clicked on

2023-05-31 00:37:38 - [TEST_STEP][PASSED] - click(findTestObject("Object Repository/PROJECT WEB/Job Titles/p_Successfully Saved")): Object: 'Object Repository/PROJECT WEB/Job Titles/p_Successfully Saved' is clicked on

2023-05-31 00:37:43 - [MESSAGE][PASSED] - Object: 'Object Repository/PROJECT WEB/Job Titles/p_Successfully Saved' is clicked on]]></system-out>
         <system-err><![CDATA[]]></system-err>
      </testcase>
      <testcase name="Test Cases/PROJECT WEB/F3_Job Titles/Add Job Titles/JT01_TC02_Add Exist Job Titles (N)" time="67.12" classname="Test Cases/PROJECT WEB/F3_Job Titles/Add Job Titles/JT01_TC02_Add Exist Job Titles (N)" status="PASSED">
         <system-out><![CDATA[2023-05-31 00:37:43 - [TEST_CASE][PASSED] - Test Cases/PROJECT WEB/F3_Job Titles/Add Job Titles/JT01_TC02_Add Exist Job Titles (N): Test Cases/PROJECT WEB/F3_Job Titles/Add Job Titles/JT01_TC02_Add Exist Job Titles (N)

2023-05-31 00:37:43 - [TEST_STEP][PASSED] - callTestCase(findTestCase("PROJECT WEB/Common/F1_LoginFeatures/LF1_TC1_SUCCESSFULY LOGIN (P)"), ["username":"Admin", "password":"hUKwJTbofgPU9eVlw/CnDQ=="], STOP_ON_FAILURE): Call Test Case 'Test Cases/PROJECT WEB/Common/F1_LoginFeatures/LF1_TC1_SUCCESSFULY LOGIN (P)' successfully

2023-05-31 00:37:43 - [TEST_CASE][PASSED] - Test Cases/PROJECT WEB/Common/F1_LoginFeatures/LF1_TC1_SUCCESSFULY LOGIN (P): Test Cases/PROJECT WEB/Common/F1_LoginFeatures/LF1_TC1_SUCCESSFULY LOGIN (P)

2023-05-31 00:37:43 - [TEST_STEP][PASSED] - openBrowser(""): Browser is opened with url: ''

2023-05-31 00:37:43 - [MESSAGE][WARNING] - A browser is already opened. Closing browser and opening a new one

2023-05-31 00:37:44 - [MESSAGE][INFO] - Starting 'Chrome' driver

2023-05-31 00:37:44 - [MESSAGE][INFO] - User set preference: ['--window-size=1920,1080', '0']

2023-05-31 00:37:44 - [MESSAGE][INFO] - Action delay is set to 0 milliseconds

2023-05-31 00:37:45 - [MESSAGE][PASSED] - Browser is opened with url: ''

2023-05-31 00:37:45 - [TEST_STEP][PASSED] - maximizeWindow(): Current window maximized

2023-05-31 00:37:45 - [MESSAGE][PASSED] - Current window maximized

2023-05-31 00:37:45 - [TEST_STEP][PASSED] - navigateToUrl("https://opensource-demo.orangehrmlive.com/web/index.php/auth/login"): Navigate to 'https://opensource-demo.orangehrmlive.com/web/index.php/auth/login' successfully

2023-05-31 00:37:54 - [MESSAGE][PASSED] - Navigate to 'https://opensource-demo.orangehrmlive.com/web/index.php/auth/login' successfully

2023-05-31 00:37:54 - [TEST_STEP][PASSED] - setText(findTestObject("PROJECT WEB/Common/Page_OrangeHRM/input_Username"), username): Text 'Admin' is set on object 'Object Repository/PROJECT WEB/Common/Page_OrangeHRM/input_Username'

2023-05-31 00:37:56 - [MESSAGE][PASSED] - Text 'Admin' is set on object 'Object Repository/PROJECT WEB/Common/Page_OrangeHRM/input_Username'

2023-05-31 00:37:56 - [TEST_STEP][PASSED] - setEncryptedText(findTestObject("PROJECT WEB/Common/Page_OrangeHRM/input_Password"), password): Text ****** has been set on object 'Object Repository/PROJECT WEB/Common/Page_OrangeHRM/input_Password'

2023-05-31 00:37:56 - [MESSAGE][PASSED] - Text ****** has been set on object 'Object Repository/PROJECT WEB/Common/Page_OrangeHRM/input_Password'

2023-05-31 00:37:56 - [TEST_STEP][PASSED] - click(findTestObject("PROJECT WEB/Common/Page_OrangeHRM/button_Login")): Object: 'Object Repository/PROJECT WEB/Common/Page_OrangeHRM/button_Login' is clicked on

2023-05-31 00:37:57 - [MESSAGE][PASSED] - Object: 'Object Repository/PROJECT WEB/Common/Page_OrangeHRM/button_Login' is clicked on

2023-05-31 00:37:57 - [TEST_STEP][PASSED] - verifyElementPresent(findTestObject("PROJECT WEB/Common/Page_OrangeHRM/h6_Dashboard"), 0): Object 'Object Repository/PROJECT WEB/Common/Page_OrangeHRM/h6_Dashboard' is present

2023-05-31 00:37:57 - [MESSAGE][WARNING] - Timeout '0' is invalid. Using default page load timeout: '30'

2023-05-31 00:38:00 - [MESSAGE][PASSED] - Object 'Object Repository/PROJECT WEB/Common/Page_OrangeHRM/h6_Dashboard' is present

2023-05-31 00:38:00 - [MESSAGE][PASSED] - Call Test Case 'Test Cases/PROJECT WEB/Common/F1_LoginFeatures/LF1_TC1_SUCCESSFULY LOGIN (P)' successfully

2023-05-31 00:38:00 - [TEST_STEP][PASSED] - click(findTestObject("PROJECT WEB/Job Titles/span_Admin_JT")): Object: 'Object Repository/PROJECT WEB/Job Titles/span_Admin_JT' is clicked on

2023-05-31 00:38:02 - [MESSAGE][PASSED] - Object: 'Object Repository/PROJECT WEB/Job Titles/span_Admin_JT' is clicked on

2023-05-31 00:38:02 - [TEST_STEP][PASSED] - navigateToUrl("https://opensource-demo.orangehrmlive.com/web/index.php/admin/viewSystemUsers"): Navigate to 'https://opensource-demo.orangehrmlive.com/web/index.php/admin/viewSystemUsers' successfully

2023-05-31 00:38:03 - [MESSAGE][PASSED] - Navigate to 'https://opensource-demo.orangehrmlive.com/web/index.php/admin/viewSystemUsers' successfully

2023-05-31 00:38:03 - [TEST_STEP][PASSED] - click(findTestObject("PROJECT WEB/Job Titles/span_Job_JT")): Object: 'Object Repository/PROJECT WEB/Job Titles/span_Job_JT' is clicked on

2023-05-31 00:38:04 - [MESSAGE][PASSED] - Object: 'Object Repository/PROJECT WEB/Job Titles/span_Job_JT' is clicked on

2023-05-31 00:38:04 - [TEST_STEP][PASSED] - click(findTestObject("PROJECT WEB/Job Titles/a_Job Titles")): Object: 'Object Repository/PROJECT WEB/Job Titles/a_Job Titles' is clicked on

2023-05-31 00:38:05 - [MESSAGE][PASSED] - Object: 'Object Repository/PROJECT WEB/Job Titles/a_Job Titles' is clicked on

2023-05-31 00:38:05 - [TEST_STEP][PASSED] - click(findTestObject("PROJECT WEB/Job Titles/button_Add_JT")): Object: 'Object Repository/PROJECT WEB/Job Titles/button_Add_JT' is clicked on

2023-05-31 00:38:26 - [MESSAGE][PASSED] - Object: 'Object Repository/PROJECT WEB/Job Titles/button_Add_JT' is clicked on

2023-05-31 00:38:26 - [TEST_STEP][PASSED] - setText(findTestObject("PROJECT WEB/Job Titles/input_Job Title"), "Lead"): Text 'Lead' is set on object 'Object Repository/PROJECT WEB/Job Titles/input_Job Title'

2023-05-31 00:38:47 - [MESSAGE][PASSED] - Text 'Lead' is set on object 'Object Repository/PROJECT WEB/Job Titles/input_Job Title'

2023-05-31 00:38:47 - [TEST_STEP][PASSED] - setText(findTestObject("PROJECT WEB/Job Titles/textarea_Job Description_JT"), "Supervise People"): Text 'Supervise People' is set on object 'Object Repository/PROJECT WEB/Job Titles/textarea_Job Description_JT'

2023-05-31 00:38:48 - [MESSAGE][PASSED] - Text 'Supervise People' is set on object 'Object Repository/PROJECT WEB/Job Titles/textarea_Job Description_JT'

2023-05-31 00:38:48 - [TEST_STEP][PASSED] - uploadFile(findTestObject("PROJECT WEB/Job Titles/div_InputFile"), "C:\Users\Aiman Hakim\Downloads\Job Description Dummy.pdf"): File 'C:\Users\Aiman Hakim\Downloads\Job Description Dummy.pdf' sent to object: 'Object Repository/PROJECT WEB/Job Titles/div_InputFile'

2023-05-31 00:38:48 - [MESSAGE][PASSED] - File 'C:\Users\Aiman Hakim\Downloads\Job Description Dummy.pdf' sent to object: 'Object Repository/PROJECT WEB/Job Titles/div_InputFile'

2023-05-31 00:38:48 - [TEST_STEP][PASSED] - setText(findTestObject("PROJECT WEB/Job Titles/textarea_For Note_JT"), "Good Luck"): Text 'Good Luck' is set on object 'Object Repository/PROJECT WEB/Job Titles/textarea_For Note_JT'

2023-05-31 00:38:49 - [MESSAGE][PASSED] - Text 'Good Luck' is set on object 'Object Repository/PROJECT WEB/Job Titles/textarea_For Note_JT'

2023-05-31 00:38:49 - [TEST_STEP][PASSED] - click(findTestObject("Object Repository/PROJECT WEB/Job Titles/button_Save")): Object: 'Object Repository/PROJECT WEB/Job Titles/button_Save' is clicked on

2023-05-31 00:38:50 - [MESSAGE][PASSED] - Object: 'Object Repository/PROJECT WEB/Job Titles/button_Save' is clicked on

2023-05-31 00:38:50 - [TEST_STEP][PASSED] - verifyElementPresent(findTestObject("PROJECT WEB/Job Titles/span_Already exists_JT"), 0): Object 'Object Repository/PROJECT WEB/Job Titles/span_Already exists_JT' is present

2023-05-31 00:38:50 - [MESSAGE][WARNING] - Timeout '0' is invalid. Using default page load timeout: '30'

2023-05-31 00:38:50 - [MESSAGE][PASSED] - Object 'Object Repository/PROJECT WEB/Job Titles/span_Already exists_JT' is present]]></system-out>
         <system-err><![CDATA[]]></system-err>
      </testcase>
      <testcase name="Test Cases/PROJECT WEB/F3_Job Titles/Add Job Titles/JT01_TC03_File Exceed 1MB (N)" time="31.902" classname="Test Cases/PROJECT WEB/F3_Job Titles/Add Job Titles/JT01_TC03_File Exceed 1MB (N)" status="PASSED">
         <system-out><![CDATA[2023-05-31 00:38:50 - [TEST_CASE][PASSED] - Test Cases/PROJECT WEB/F3_Job Titles/Add Job Titles/JT01_TC03_File Exceed 1MB (N): Test Cases/PROJECT WEB/F3_Job Titles/Add Job Titles/JT01_TC03_File Exceed 1MB (N)

2023-05-31 00:38:50 - [TEST_STEP][PASSED] - callTestCase(findTestCase("PROJECT WEB/Common/F1_LoginFeatures/LF1_TC1_SUCCESSFULY LOGIN (P)"), ["username":"Admin", "password":"hUKwJTbofgPU9eVlw/CnDQ=="], STOP_ON_FAILURE): Call Test Case 'Test Cases/PROJECT WEB/Common/F1_LoginFeatures/LF1_TC1_SUCCESSFULY LOGIN (P)' successfully

2023-05-31 00:38:50 - [TEST_CASE][PASSED] - Test Cases/PROJECT WEB/Common/F1_LoginFeatures/LF1_TC1_SUCCESSFULY LOGIN (P): Test Cases/PROJECT WEB/Common/F1_LoginFeatures/LF1_TC1_SUCCESSFULY LOGIN (P)

2023-05-31 00:38:50 - [TEST_STEP][PASSED] - openBrowser(""): Browser is opened with url: ''

2023-05-31 00:38:50 - [MESSAGE][WARNING] - A browser is already opened. Closing browser and opening a new one

2023-05-31 00:38:51 - [MESSAGE][INFO] - Starting 'Chrome' driver

2023-05-31 00:38:51 - [MESSAGE][INFO] - User set preference: ['--window-size=1920,1080', '0']

2023-05-31 00:38:51 - [MESSAGE][INFO] - Action delay is set to 0 milliseconds

2023-05-31 00:38:52 - [MESSAGE][PASSED] - Browser is opened with url: ''

2023-05-31 00:38:52 - [TEST_STEP][PASSED] - maximizeWindow(): Current window maximized

2023-05-31 00:38:52 - [MESSAGE][PASSED] - Current window maximized

2023-05-31 00:38:52 - [TEST_STEP][PASSED] - navigateToUrl("https://opensource-demo.orangehrmlive.com/web/index.php/auth/login"): Navigate to 'https://opensource-demo.orangehrmlive.com/web/index.php/auth/login' successfully

2023-05-31 00:38:59 - [MESSAGE][PASSED] - Navigate to 'https://opensource-demo.orangehrmlive.com/web/index.php/auth/login' successfully

2023-05-31 00:38:59 - [TEST_STEP][PASSED] - setText(findTestObject("PROJECT WEB/Common/Page_OrangeHRM/input_Username"), username): Text 'Admin' is set on object 'Object Repository/PROJECT WEB/Common/Page_OrangeHRM/input_Username'

2023-05-31 00:39:02 - [MESSAGE][PASSED] - Text 'Admin' is set on object 'Object Repository/PROJECT WEB/Common/Page_OrangeHRM/input_Username'

2023-05-31 00:39:02 - [TEST_STEP][PASSED] - setEncryptedText(findTestObject("PROJECT WEB/Common/Page_OrangeHRM/input_Password"), password): Text ****** has been set on object 'Object Repository/PROJECT WEB/Common/Page_OrangeHRM/input_Password'

2023-05-31 00:39:02 - [MESSAGE][PASSED] - Text ****** has been set on object 'Object Repository/PROJECT WEB/Common/Page_OrangeHRM/input_Password'

2023-05-31 00:39:02 - [TEST_STEP][PASSED] - click(findTestObject("PROJECT WEB/Common/Page_OrangeHRM/button_Login")): Object: 'Object Repository/PROJECT WEB/Common/Page_OrangeHRM/button_Login' is clicked on

2023-05-31 00:39:02 - [MESSAGE][PASSED] - Object: 'Object Repository/PROJECT WEB/Common/Page_OrangeHRM/button_Login' is clicked on

2023-05-31 00:39:02 - [TEST_STEP][PASSED] - verifyElementPresent(findTestObject("PROJECT WEB/Common/Page_OrangeHRM/h6_Dashboard"), 0): Object 'Object Repository/PROJECT WEB/Common/Page_OrangeHRM/h6_Dashboard' is present

2023-05-31 00:39:02 - [MESSAGE][WARNING] - Timeout '0' is invalid. Using default page load timeout: '30'

2023-05-31 00:39:06 - [MESSAGE][PASSED] - Object 'Object Repository/PROJECT WEB/Common/Page_OrangeHRM/h6_Dashboard' is present

2023-05-31 00:39:06 - [MESSAGE][PASSED] - Call Test Case 'Test Cases/PROJECT WEB/Common/F1_LoginFeatures/LF1_TC1_SUCCESSFULY LOGIN (P)' successfully

2023-05-31 00:39:06 - [TEST_STEP][PASSED] - click(findTestObject("PROJECT WEB/Job Titles/span_Admin_JT")): Object: 'Object Repository/PROJECT WEB/Job Titles/span_Admin_JT' is clicked on

2023-05-31 00:39:08 - [MESSAGE][PASSED] - Object: 'Object Repository/PROJECT WEB/Job Titles/span_Admin_JT' is clicked on

2023-05-31 00:39:08 - [TEST_STEP][PASSED] - navigateToUrl("https://opensource-demo.orangehrmlive.com/web/index.php/admin/viewSystemUsers"): Navigate to 'https://opensource-demo.orangehrmlive.com/web/index.php/admin/viewSystemUsers' successfully

2023-05-31 00:39:08 - [MESSAGE][PASSED] - Navigate to 'https://opensource-demo.orangehrmlive.com/web/index.php/admin/viewSystemUsers' successfully

2023-05-31 00:39:08 - [TEST_STEP][PASSED] - click(findTestObject("PROJECT WEB/Job Titles/span_Job_JT")): Object: 'Object Repository/PROJECT WEB/Job Titles/span_Job_JT' is clicked on

2023-05-31 00:39:09 - [MESSAGE][PASSED] - Object: 'Object Repository/PROJECT WEB/Job Titles/span_Job_JT' is clicked on

2023-05-31 00:39:09 - [TEST_STEP][PASSED] - click(findTestObject("PROJECT WEB/Job Titles/a_Job Titles")): Object: 'Object Repository/PROJECT WEB/Job Titles/a_Job Titles' is clicked on

2023-05-31 00:39:11 - [MESSAGE][PASSED] - Object: 'Object Repository/PROJECT WEB/Job Titles/a_Job Titles' is clicked on

2023-05-31 00:39:11 - [TEST_STEP][PASSED] - click(findTestObject("PROJECT WEB/Job Titles/button_Add_JT")): Object: 'Object Repository/PROJECT WEB/Job Titles/button_Add_JT' is clicked on

2023-05-31 00:39:12 - [MESSAGE][PASSED] - Object: 'Object Repository/PROJECT WEB/Job Titles/button_Add_JT' is clicked on

2023-05-31 00:39:12 - [TEST_STEP][PASSED] - setText(findTestObject("PROJECT WEB/Job Titles/input_Job Title"), "Lead"): Text 'Lead' is set on object 'Object Repository/PROJECT WEB/Job Titles/input_Job Title'

2023-05-31 00:39:19 - [MESSAGE][PASSED] - Text 'Lead' is set on object 'Object Repository/PROJECT WEB/Job Titles/input_Job Title'

2023-05-31 00:39:19 - [TEST_STEP][PASSED] - setText(findTestObject("PROJECT WEB/Job Titles/textarea_Job Description_JT"), "Supervise People"): Text 'Supervise People' is set on object 'Object Repository/PROJECT WEB/Job Titles/textarea_Job Description_JT'

2023-05-31 00:39:20 - [MESSAGE][PASSED] - Text 'Supervise People' is set on object 'Object Repository/PROJECT WEB/Job Titles/textarea_Job Description_JT'

2023-05-31 00:39:20 - [TEST_STEP][PASSED] - uploadFile(findTestObject("PROJECT WEB/Job Titles/div_InputFile"), "C:\Users\Aiman Hakim\Downloads\Free_Test_Data_10.5MB_PDF.pdf"): File 'C:\Users\Aiman Hakim\Downloads\Free_Test_Data_10.5MB_PDF.pdf' sent to object: 'Object Repository/PROJECT WEB/Job Titles/div_InputFile'

2023-05-31 00:39:20 - [MESSAGE][PASSED] - File 'C:\Users\Aiman Hakim\Downloads\Free_Test_Data_10.5MB_PDF.pdf' sent to object: 'Object Repository/PROJECT WEB/Job Titles/div_InputFile'

2023-05-31 00:39:20 - [TEST_STEP][PASSED] - setText(findTestObject("PROJECT WEB/Job Titles/textarea_For Note_JT"), "Good Luck"): Text 'Good Luck' is set on object 'Object Repository/PROJECT WEB/Job Titles/textarea_For Note_JT'

2023-05-31 00:39:21 - [MESSAGE][PASSED] - Text 'Good Luck' is set on object 'Object Repository/PROJECT WEB/Job Titles/textarea_For Note_JT'

2023-05-31 00:39:21 - [TEST_STEP][PASSED] - click(findTestObject("Object Repository/PROJECT WEB/Job Titles/button_Save")): Object: 'Object Repository/PROJECT WEB/Job Titles/button_Save' is clicked on

2023-05-31 00:39:22 - [MESSAGE][PASSED] - Object: 'Object Repository/PROJECT WEB/Job Titles/button_Save' is clicked on

2023-05-31 00:39:22 - [TEST_STEP][PASSED] - verifyElementPresent(findTestObject("PROJECT WEB/Job Titles/span_Attachment Size Exceeded_JT"), 0): Object 'Object Repository/PROJECT WEB/Job Titles/span_Attachment Size Exceeded_JT' is present

2023-05-31 00:39:22 - [MESSAGE][WARNING] - Timeout '0' is invalid. Using default page load timeout: '30'

2023-05-31 00:39:22 - [MESSAGE][PASSED] - Object 'Object Repository/PROJECT WEB/Job Titles/span_Attachment Size Exceeded_JT' is present]]></system-out>
         <system-err><![CDATA[]]></system-err>
      </testcase>
      <testcase name="Test Cases/PROJECT WEB/F3_Job Titles/Add Job Titles/JT01_TC04_Leave Job Title Blank" time="62.85" classname="Test Cases/PROJECT WEB/F3_Job Titles/Add Job Titles/JT01_TC04_Leave Job Title Blank" status="PASSED">
         <system-out><![CDATA[2023-05-31 00:39:22 - [TEST_CASE][PASSED] - Test Cases/PROJECT WEB/F3_Job Titles/Add Job Titles/JT01_TC04_Leave Job Title Blank: Test Cases/PROJECT WEB/F3_Job Titles/Add Job Titles/JT01_TC04_Leave Job Title Blank

2023-05-31 00:39:22 - [TEST_STEP][PASSED] - callTestCase(findTestCase("PROJECT WEB/Common/F1_LoginFeatures/LF1_TC1_SUCCESSFULY LOGIN (P)"), ["username":"Admin", "password":"hUKwJTbofgPU9eVlw/CnDQ=="], STOP_ON_FAILURE): Call Test Case 'Test Cases/PROJECT WEB/Common/F1_LoginFeatures/LF1_TC1_SUCCESSFULY LOGIN (P)' successfully

2023-05-31 00:39:22 - [TEST_CASE][PASSED] - Test Cases/PROJECT WEB/Common/F1_LoginFeatures/LF1_TC1_SUCCESSFULY LOGIN (P): Test Cases/PROJECT WEB/Common/F1_LoginFeatures/LF1_TC1_SUCCESSFULY LOGIN (P)

2023-05-31 00:39:22 - [TEST_STEP][PASSED] - openBrowser(""): Browser is opened with url: ''

2023-05-31 00:39:22 - [MESSAGE][WARNING] - A browser is already opened. Closing browser and opening a new one

2023-05-31 00:39:23 - [MESSAGE][INFO] - Starting 'Chrome' driver

2023-05-31 00:39:23 - [MESSAGE][INFO] - User set preference: ['--window-size=1920,1080', '0']

2023-05-31 00:39:23 - [MESSAGE][INFO] - Action delay is set to 0 milliseconds

2023-05-31 00:39:24 - [MESSAGE][PASSED] - Browser is opened with url: ''

2023-05-31 00:39:24 - [TEST_STEP][PASSED] - maximizeWindow(): Current window maximized

2023-05-31 00:39:24 - [MESSAGE][PASSED] - Current window maximized

2023-05-31 00:39:24 - [TEST_STEP][PASSED] - navigateToUrl("https://opensource-demo.orangehrmlive.com/web/index.php/auth/login"): Navigate to 'https://opensource-demo.orangehrmlive.com/web/index.php/auth/login' successfully

2023-05-31 00:39:40 - [MESSAGE][PASSED] - Navigate to 'https://opensource-demo.orangehrmlive.com/web/index.php/auth/login' successfully

2023-05-31 00:39:40 - [TEST_STEP][PASSED] - setText(findTestObject("PROJECT WEB/Common/Page_OrangeHRM/input_Username"), username): Text 'Admin' is set on object 'Object Repository/PROJECT WEB/Common/Page_OrangeHRM/input_Username'

2023-05-31 00:39:42 - [MESSAGE][PASSED] - Text 'Admin' is set on object 'Object Repository/PROJECT WEB/Common/Page_OrangeHRM/input_Username'

2023-05-31 00:39:42 - [TEST_STEP][PASSED] - setEncryptedText(findTestObject("PROJECT WEB/Common/Page_OrangeHRM/input_Password"), password): Text ****** has been set on object 'Object Repository/PROJECT WEB/Common/Page_OrangeHRM/input_Password'

2023-05-31 00:39:42 - [MESSAGE][PASSED] - Text ****** has been set on object 'Object Repository/PROJECT WEB/Common/Page_OrangeHRM/input_Password'

2023-05-31 00:39:42 - [TEST_STEP][PASSED] - click(findTestObject("PROJECT WEB/Common/Page_OrangeHRM/button_Login")): Object: 'Object Repository/PROJECT WEB/Common/Page_OrangeHRM/button_Login' is clicked on

2023-05-31 00:39:43 - [MESSAGE][PASSED] - Object: 'Object Repository/PROJECT WEB/Common/Page_OrangeHRM/button_Login' is clicked on

2023-05-31 00:39:43 - [TEST_STEP][PASSED] - verifyElementPresent(findTestObject("PROJECT WEB/Common/Page_OrangeHRM/h6_Dashboard"), 0): Object 'Object Repository/PROJECT WEB/Common/Page_OrangeHRM/h6_Dashboard' is present

2023-05-31 00:39:43 - [MESSAGE][WARNING] - Timeout '0' is invalid. Using default page load timeout: '30'

2023-05-31 00:39:48 - [MESSAGE][PASSED] - Object 'Object Repository/PROJECT WEB/Common/Page_OrangeHRM/h6_Dashboard' is present

2023-05-31 00:39:48 - [MESSAGE][PASSED] - Call Test Case 'Test Cases/PROJECT WEB/Common/F1_LoginFeatures/LF1_TC1_SUCCESSFULY LOGIN (P)' successfully

2023-05-31 00:39:48 - [TEST_STEP][PASSED] - click(findTestObject("PROJECT WEB/Job Titles/span_Admin_JT")): Object: 'Object Repository/PROJECT WEB/Job Titles/span_Admin_JT' is clicked on

2023-05-31 00:39:51 - [MESSAGE][PASSED] - Object: 'Object Repository/PROJECT WEB/Job Titles/span_Admin_JT' is clicked on

2023-05-31 00:39:51 - [TEST_STEP][PASSED] - navigateToUrl("https://opensource-demo.orangehrmlive.com/web/index.php/admin/viewSystemUsers"): Navigate to 'https://opensource-demo.orangehrmlive.com/web/index.php/admin/viewSystemUsers' successfully

2023-05-31 00:39:51 - [MESSAGE][PASSED] - Navigate to 'https://opensource-demo.orangehrmlive.com/web/index.php/admin/viewSystemUsers' successfully

2023-05-31 00:39:51 - [TEST_STEP][PASSED] - click(findTestObject("PROJECT WEB/Job Titles/span_Job_JT")): Object: 'Object Repository/PROJECT WEB/Job Titles/span_Job_JT' is clicked on

2023-05-31 00:39:53 - [MESSAGE][PASSED] - Object: 'Object Repository/PROJECT WEB/Job Titles/span_Job_JT' is clicked on

2023-05-31 00:39:53 - [TEST_STEP][PASSED] - click(findTestObject("PROJECT WEB/Job Titles/a_Job Titles")): Object: 'Object Repository/PROJECT WEB/Job Titles/a_Job Titles' is clicked on

2023-05-31 00:39:55 - [MESSAGE][PASSED] - Object: 'Object Repository/PROJECT WEB/Job Titles/a_Job Titles' is clicked on

2023-05-31 00:39:55 - [TEST_STEP][PASSED] - click(findTestObject("PROJECT WEB/Job Titles/button_Add_JT")): Object: 'Object Repository/PROJECT WEB/Job Titles/button_Add_JT' is clicked on

2023-05-31 00:40:18 - [MESSAGE][PASSED] - Object: 'Object Repository/PROJECT WEB/Job Titles/button_Add_JT' is clicked on

2023-05-31 00:40:18 - [TEST_STEP][PASSED] - setText(findTestObject("PROJECT WEB/Job Titles/input_Job Title"), ""): Text '' is set on object 'Object Repository/PROJECT WEB/Job Titles/input_Job Title'

2023-05-31 00:40:22 - [MESSAGE][PASSED] - Text '' is set on object 'Object Repository/PROJECT WEB/Job Titles/input_Job Title'

2023-05-31 00:40:22 - [TEST_STEP][PASSED] - setText(findTestObject("PROJECT WEB/Job Titles/textarea_Job Description_JT"), "Supervise People"): Text 'Supervise People' is set on object 'Object Repository/PROJECT WEB/Job Titles/textarea_Job Description_JT'

2023-05-31 00:40:23 - [MESSAGE][PASSED] - Text 'Supervise People' is set on object 'Object Repository/PROJECT WEB/Job Titles/textarea_Job Description_JT'

2023-05-31 00:40:23 - [TEST_STEP][PASSED] - uploadFile(findTestObject("PROJECT WEB/Job Titles/div_InputFile"), "C:\Users\Aiman Hakim\Downloads\Job Description Dummy.pdf"): File 'C:\Users\Aiman Hakim\Downloads\Job Description Dummy.pdf' sent to object: 'Object Repository/PROJECT WEB/Job Titles/div_InputFile'

2023-05-31 00:40:23 - [MESSAGE][PASSED] - File 'C:\Users\Aiman Hakim\Downloads\Job Description Dummy.pdf' sent to object: 'Object Repository/PROJECT WEB/Job Titles/div_InputFile'

2023-05-31 00:40:23 - [TEST_STEP][PASSED] - setText(findTestObject("PROJECT WEB/Job Titles/textarea_For Note_JT"), "Good Luck"): Text 'Good Luck' is set on object 'Object Repository/PROJECT WEB/Job Titles/textarea_For Note_JT'

2023-05-31 00:40:24 - [MESSAGE][PASSED] - Text 'Good Luck' is set on object 'Object Repository/PROJECT WEB/Job Titles/textarea_For Note_JT'

2023-05-31 00:40:24 - [TEST_STEP][PASSED] - click(findTestObject("Object Repository/PROJECT WEB/Job Titles/button_Save")): Object: 'Object Repository/PROJECT WEB/Job Titles/button_Save' is clicked on

2023-05-31 00:40:24 - [MESSAGE][PASSED] - Object: 'Object Repository/PROJECT WEB/Job Titles/button_Save' is clicked on

2023-05-31 00:40:24 - [TEST_STEP][PASSED] - verifyElementPresent(findTestObject("PROJECT WEB/Job Titles/span_Required_JT"), 0): Object 'Object Repository/PROJECT WEB/Job Titles/span_Required_JT' is present

2023-05-31 00:40:24 - [MESSAGE][WARNING] - Timeout '0' is invalid. Using default page load timeout: '30'

2023-05-31 00:40:25 - [MESSAGE][PASSED] - Object 'Object Repository/PROJECT WEB/Job Titles/span_Required_JT' is present]]></system-out>
         <system-err><![CDATA[]]></system-err>
      </testcase>
      <system-out><![CDATA[2023-05-31 00:34:53 - [TEST_SUITE][PASSED] - F3_JobTitles: Test Cases/PROJECT WEB/F3_Job Titles/Add Job Titles/JT01_TC04_Leave Job Title Blank]]></system-out>
      <system-err><![CDATA[]]></system-err>
   </testsuite>
</testsuites>
